Flow report for pong
Fri Oct 23 16:07:04 2009
Quartus II Version 9.0 Build 184 04/29/2009 Service Pack 1 SJ Full Version


---------------------
; Table of Contents ;
---------------------
  1. Legal Notice
  2. Flow Summary
  3. Flow Settings
  4. Flow Non-Default Global Settings
  5. Flow Elapsed Time
  6. Flow OS Summary
  7. Flow Log



----------------
; Legal Notice ;
----------------
Copyright (C) 1991-2009 Altera Corporation
Your use of Altera Corporation's design tools, logic functions 
and other software and tools, and its AMPP partner logic 
functions, and any output files from any of the foregoing 
(including device programming or simulation files), and any 
associated documentation or information are expressly subject 
to the terms and conditions of the Altera Program License 
Subscription Agreement, Altera MegaCore Function License 
Agreement, or other applicable license agreement, including, 
without limitation, that your use is for the sole purpose of 
programming logic devices manufactured by Altera and sold by 
Altera or its authorized distributors.  Please refer to the 
applicable agreement for further details.



+------------------------------------------------------------------------------------+
; Flow Summary                                                                       ;
+------------------------------------+-----------------------------------------------+
; Flow Status                        ; Successful - Fri Oct 23 16:07:03 2009         ;
; Quartus II Version                 ; 9.0 Build 184 04/29/2009 SP 1 SJ Full Version ;
; Revision Name                      ; pong                                          ;
; Top-level Entity Name              ; pong                                          ;
; Family                             ; Cyclone II                                    ;
; Device                             ; EP2C35F672C6                                  ;
; Timing Models                      ; Final                                         ;
; Met timing requirements            ; Yes                                           ;
; Total logic elements               ; 327 / 33,216 ( < 1 % )                        ;
;     Total combinational functions  ; 321 / 33,216 ( < 1 % )                        ;
;     Dedicated logic registers      ; 66 / 33,216 ( < 1 % )                         ;
; Total registers                    ; 66                                            ;
; Total pins                         ; 115 / 475 ( 24 % )                            ;
; Total virtual pins                 ; 0                                             ;
; Total memory bits                  ; 0 / 483,840 ( 0 % )                           ;
; Embedded Multiplier 9-bit elements ; 0 / 70 ( 0 % )                                ;
; Total PLLs                         ; 1 / 4 ( 25 % )                                ;
+------------------------------------+-----------------------------------------------+


+-----------------------------------------+
; Flow Settings                           ;
+-------------------+---------------------+
; Option            ; Setting             ;
+-------------------+---------------------+
; Start date & time ; 10/23/2009 16:06:01 ;
; Main task         ; Compilation         ;
; Revision Name     ; pong                ;
+-------------------+---------------------+


+------------------------------------------------------------------------------------------------------------------+
; Flow Non-Default Global Settings                                                                                 ;
+------------------------------------+------------------------------+---------------+-------------+----------------+
; Assignment Name                    ; Value                        ; Default Value ; Entity Name ; Section Id     ;
+------------------------------------+------------------------------+---------------+-------------+----------------+
; COMPILER_SIGNATURE_ID              ; 144342688223.125631036003692 ; --            ; --          ; --             ;
; MAX_CORE_JUNCTION_TEMP             ; 85                           ; --            ; --          ; --             ;
; MIN_CORE_JUNCTION_TEMP             ; 0                            ; --            ; --          ; --             ;
; PARTITION_COLOR                    ; 16764057                     ; --            ; --          ; Top            ;
; PARTITION_NETLIST_TYPE             ; SOURCE                       ; --            ; --          ; Top            ;
; USE_GENERATED_PHYSICAL_CONSTRAINTS ; Off                          ; --            ; --          ; eda_blast_fpga ;
+------------------------------------+------------------------------+---------------+-------------+----------------+


+-----------------------------------------------------------------------------------------------------------------------------+
; Flow Elapsed Time                                                                                                           ;
+-------------------------+--------------+-------------------------+---------------------+------------------------------------+
; Module Name             ; Elapsed Time ; Average Processors Used ; Peak Virtual Memory ; Total CPU Time (on all processors) ;
+-------------------------+--------------+-------------------------+---------------------+------------------------------------+
; Analysis & Synthesis    ; 00:00:15     ; 1.0                     ; 189 MB              ; 00:00:04                           ;
; Fitter                  ; 00:00:22     ; 1.1                     ; 261 MB              ; 00:00:10                           ;
; Assembler               ; 00:00:08     ; 1.0                     ; 226 MB              ; 00:00:03                           ;
; Classic Timing Analyzer ; 00:00:03     ; 1.0                     ; 135 MB              ; 00:00:01                           ;
; Total                   ; 00:00:48     ; --                      ; --                  ; 00:00:18                           ;
+-------------------------+--------------+-------------------------+---------------------+------------------------------------+


+---------------------------------------------------------------------------------------+
; Flow OS Summary                                                                       ;
+-------------------------+------------------+------------+------------+----------------+
; Module Name             ; Machine Hostname ; OS Name    ; OS Version ; Processor type ;
+-------------------------+------------------+------------+------------+----------------+
; Analysis & Synthesis    ; pccl061          ; Windows XP ; 5.1        ; i686           ;
; Fitter                  ; pccl061          ; Windows XP ; 5.1        ; i686           ;
; Assembler               ; pccl061          ; Windows XP ; 5.1        ; i686           ;
; Classic Timing Analyzer ; pccl061          ; Windows XP ; 5.1        ; i686           ;
+-------------------------+------------------+------------+------------+----------------+


------------
; Flow Log ;
------------
quartus_map --read_settings_files=on --write_settings_files=off bats -c pong
quartus_fit --read_settings_files=off --write_settings_files=off bats -c pong
quartus_asm --read_settings_files=off --write_settings_files=off bats -c pong
quartus_tan --read_settings_files=off --write_settings_files=off bats -c pong --timing_analysis_only



