Analysis & Synthesis report for pong
Fri Oct 30 16:32:25 2009
Quartus II Version 9.0 Build 184 04/29/2009 Service Pack 1 SJ Full Version


---------------------
; Table of Contents ;
---------------------
  1. Legal Notice
  2. Analysis & Synthesis Summary
  3. Analysis & Synthesis Settings
  4. Analysis & Synthesis Source Files Read
  5. Analysis & Synthesis Resource Usage Summary
  6. Analysis & Synthesis Resource Utilization by Entity
  7. Analysis & Synthesis DSP Block Usage Summary
  8. Registers Removed During Synthesis
  9. General Register Statistics
 10. Inverted Register Statistics
 11. Multiplexer Restructuring Statistics (Restructuring Performed)
 12. Parameter Settings for User Entity Instance: pll108MHz:pll|altpll:altpll_component
 13. Parameter Settings for Inferred Entity Instance: game_logic:gl|lpm_mult:Mult0
 14. Parameter Settings for Inferred Entity Instance: game_logic:gl|lpm_mult:Mult1
 15. altpll Parameter Settings by Entity Instance
 16. lpm_mult Parameter Settings by Entity Instance
 17. Port Connectivity Checks: "game_logic:gl|counter:right_position"
 18. Port Connectivity Checks: "game_logic:gl|counter:left_position"
 19. Analysis & Synthesis Messages
 20. Analysis & Synthesis Suppressed Messages



----------------
; Legal Notice ;
----------------
Copyright (C) 1991-2009 Altera Corporation
Your use of Altera Corporation's design tools, logic functions 
and other software and tools, and its AMPP partner logic 
functions, and any output files from any of the foregoing 
(including device programming or simulation files), and any 
associated documentation or information are expressly subject 
to the terms and conditions of the Altera Program License 
Subscription Agreement, Altera MegaCore Function License 
Agreement, or other applicable license agreement, including, 
without limitation, that your use is for the sole purpose of 
programming logic devices manufactured by Altera and sold by 
Altera or its authorized distributors.  Please refer to the 
applicable agreement for further details.



+------------------------------------------------------------------------------------+
; Analysis & Synthesis Summary                                                       ;
+------------------------------------+-----------------------------------------------+
; Analysis & Synthesis Status        ; Successful - Fri Oct 30 16:32:25 2009         ;
; Quartus II Version                 ; 9.0 Build 184 04/29/2009 SP 1 SJ Full Version ;
; Revision Name                      ; pong                                          ;
; Top-level Entity Name              ; pong                                          ;
; Family                             ; Cyclone II                                    ;
; Total logic elements               ; 513                                           ;
;     Total combinational functions  ; 504                                           ;
;     Dedicated logic registers      ; 105                                           ;
; Total registers                    ; 105                                           ;
; Total pins                         ; 115                                           ;
; Total virtual pins                 ; 0                                             ;
; Total memory bits                  ; 0                                             ;
; Embedded Multiplier 9-bit elements ; 4                                             ;
; Total PLLs                         ; 1                                             ;
+------------------------------------+-----------------------------------------------+


+--------------------------------------------------------------------------------------------------------+
; Analysis & Synthesis Settings                                                                          ;
+--------------------------------------------------------------+--------------------+--------------------+
; Option                                                       ; Setting            ; Default Value      ;
+--------------------------------------------------------------+--------------------+--------------------+
; Device                                                       ; EP2C35F672C6       ;                    ;
; Top-level entity name                                        ; pong               ; pong               ;
; Family name                                                  ; Cyclone II         ; Stratix II         ;
; Use Generated Physical Constraints File                      ; Off                ;                    ;
; Use smart compilation                                        ; Off                ; Off                ;
; Restructure Multiplexers                                     ; Auto               ; Auto               ;
; Create Debugging Nodes for IP Cores                          ; Off                ; Off                ;
; Preserve fewer node names                                    ; On                 ; On                 ;
; Disable OpenCore Plus hardware evaluation                    ; Off                ; Off                ;
; Verilog Version                                              ; Verilog_2001       ; Verilog_2001       ;
; VHDL Version                                                 ; VHDL93             ; VHDL93             ;
; State Machine Processing                                     ; Auto               ; Auto               ;
; Safe State Machine                                           ; Off                ; Off                ;
; Extract Verilog State Machines                               ; On                 ; On                 ;
; Extract VHDL State Machines                                  ; On                 ; On                 ;
; Ignore Verilog initial constructs                            ; Off                ; Off                ;
; Iteration limit for constant Verilog loops                   ; 5000               ; 5000               ;
; Iteration limit for non-constant Verilog loops               ; 250                ; 250                ;
; Add Pass-Through Logic to Inferred RAMs                      ; On                 ; On                 ;
; Parallel Synthesis                                           ; Off                ; Off                ;
; DSP Block Balancing                                          ; Auto               ; Auto               ;
; NOT Gate Push-Back                                           ; On                 ; On                 ;
; Power-Up Don't Care                                          ; On                 ; On                 ;
; Remove Redundant Logic Cells                                 ; Off                ; Off                ;
; Remove Duplicate Registers                                   ; On                 ; On                 ;
; Ignore CARRY Buffers                                         ; Off                ; Off                ;
; Ignore CASCADE Buffers                                       ; Off                ; Off                ;
; Ignore GLOBAL Buffers                                        ; Off                ; Off                ;
; Ignore ROW GLOBAL Buffers                                    ; Off                ; Off                ;
; Ignore LCELL Buffers                                         ; Off                ; Off                ;
; Ignore SOFT Buffers                                          ; On                 ; On                 ;
; Limit AHDL Integers to 32 Bits                               ; Off                ; Off                ;
; Optimization Technique                                       ; Balanced           ; Balanced           ;
; Carry Chain Length                                           ; 70                 ; 70                 ;
; Auto Carry Chains                                            ; On                 ; On                 ;
; Auto Open-Drain Pins                                         ; On                 ; On                 ;
; Perform WYSIWYG Primitive Resynthesis                        ; Off                ; Off                ;
; Auto ROM Replacement                                         ; On                 ; On                 ;
; Auto RAM Replacement                                         ; On                 ; On                 ;
; Auto Shift Register Replacement                              ; Auto               ; Auto               ;
; Auto Clock Enable Replacement                                ; On                 ; On                 ;
; Strict RAM Replacement                                       ; Off                ; Off                ;
; Allow Synchronous Control Signals                            ; On                 ; On                 ;
; Force Use of Synchronous Clear Signals                       ; Off                ; Off                ;
; Auto RAM to Logic Cell Conversion                            ; Off                ; Off                ;
; Auto Resource Sharing                                        ; Off                ; Off                ;
; Allow Any RAM Size For Recognition                           ; Off                ; Off                ;
; Allow Any ROM Size For Recognition                           ; Off                ; Off                ;
; Allow Any Shift Register Size For Recognition                ; Off                ; Off                ;
; Use LogicLock Constraints during Resource Balancing          ; On                 ; On                 ;
; Ignore translate_off and synthesis_off directives            ; Off                ; Off                ;
; Timing-Driven Synthesis                                      ; Off                ; Off                ;
; Show Parameter Settings Tables in Synthesis Report           ; On                 ; On                 ;
; Ignore Maximum Fan-Out Assignments                           ; Off                ; Off                ;
; Synchronization Register Chain Length                        ; 2                  ; 2                  ;
; PowerPlay Power Optimization                                 ; Normal compilation ; Normal compilation ;
; HDL message level                                            ; Level2             ; Level2             ;
; Suppress Register Optimization Related Messages              ; Off                ; Off                ;
; Number of Removed Registers Reported in Synthesis Report     ; 100                ; 100                ;
; Number of Inverted Registers Reported in Synthesis Report    ; 100                ; 100                ;
; Clock MUX Protection                                         ; On                 ; On                 ;
; Auto Gated Clock Conversion                                  ; Off                ; Off                ;
; Block Design Naming                                          ; Auto               ; Auto               ;
; SDC constraint protection                                    ; Off                ; Off                ;
; Synthesis Effort                                             ; Auto               ; Auto               ;
; Shift Register Replacement - Allow Asynchronous Clear Signal ; On                 ; On                 ;
; Analysis & Synthesis Message Level                           ; Medium             ; Medium             ;
+--------------------------------------------------------------+--------------------+--------------------+


+----------------------------------------------------------------------------------------------------------------------------------------------------+
; Analysis & Synthesis Source Files Read                                                                                                             ;
+----------------------------------+-----------------+------------------------------+----------------------------------------------------------------+
; File Name with User-Entered Path ; Used in Netlist ; File Type                    ; File Name with Absolute Path                                   ;
+----------------------------------+-----------------+------------------------------+----------------------------------------------------------------+
; counter.v                        ; yes             ; User Verilog HDL File        ; U:/ECAD/Lab 1/new_pong/counter.v                               ;
; defines.v                        ; yes             ; User Verilog HDL File        ; U:/ECAD/Lab 1/new_pong/defines.v                               ;
; game_logic.v                     ; yes             ; User Verilog HDL File        ; U:/ECAD/Lab 1/new_pong/game_logic.v                            ;
; hex2leds.v                       ; yes             ; User Verilog HDL File        ; U:/ECAD/Lab 1/new_pong/hex2leds.v                              ;
; params.v                         ; yes             ; User Verilog HDL File        ; U:/ECAD/Lab 1/new_pong/params.v                                ;
; pll108MHz.v                      ; yes             ; User Wizard-Generated File   ; U:/ECAD/Lab 1/new_pong/pll108MHz.v                             ;
; pong.v                           ; yes             ; User Verilog HDL File        ; U:/ECAD/Lab 1/new_pong/pong.v                                  ;
; renderer.v                       ; yes             ; User Verilog HDL File        ; U:/ECAD/Lab 1/new_pong/renderer.v                              ;
; altpll.tdf                       ; yes             ; Megafunction                 ; y:/quartus90/quartus/libraries/megafunctions/altpll.tdf        ;
; aglobal90.inc                    ; yes             ; Megafunction                 ; y:/quartus90/quartus/libraries/megafunctions/aglobal90.inc     ;
; stratix_pll.inc                  ; yes             ; Megafunction                 ; y:/quartus90/quartus/libraries/megafunctions/stratix_pll.inc   ;
; stratixii_pll.inc                ; yes             ; Megafunction                 ; y:/quartus90/quartus/libraries/megafunctions/stratixii_pll.inc ;
; cycloneii_pll.inc                ; yes             ; Megafunction                 ; y:/quartus90/quartus/libraries/megafunctions/cycloneii_pll.inc ;
; lpm_mult.tdf                     ; yes             ; Megafunction                 ; y:/quartus90/quartus/libraries/megafunctions/lpm_mult.tdf      ;
; lpm_add_sub.inc                  ; yes             ; Megafunction                 ; y:/quartus90/quartus/libraries/megafunctions/lpm_add_sub.inc   ;
; multcore.inc                     ; yes             ; Megafunction                 ; y:/quartus90/quartus/libraries/megafunctions/multcore.inc      ;
; bypassff.inc                     ; yes             ; Megafunction                 ; y:/quartus90/quartus/libraries/megafunctions/bypassff.inc      ;
; altshift.inc                     ; yes             ; Megafunction                 ; y:/quartus90/quartus/libraries/megafunctions/altshift.inc      ;
; db/mult_qt01.tdf                 ; yes             ; Auto-Generated Megafunction  ; U:/ECAD/Lab 1/new_pong/db/mult_qt01.tdf                        ;
+----------------------------------+-----------------+------------------------------+----------------------------------------------------------------+


+-------------------------------------------------------------------+
; Analysis & Synthesis Resource Usage Summary                       ;
+---------------------------------------------+---------------------+
; Resource                                    ; Usage               ;
+---------------------------------------------+---------------------+
; Estimated Total logic elements              ; 513                 ;
;                                             ;                     ;
; Total combinational functions               ; 504                 ;
; Logic element usage by number of LUT inputs ;                     ;
;     -- 4 input functions                    ; 161                 ;
;     -- 3 input functions                    ; 198                 ;
;     -- <=2 input functions                  ; 145                 ;
;                                             ;                     ;
; Logic elements by mode                      ;                     ;
;     -- normal mode                          ; 302                 ;
;     -- arithmetic mode                      ; 202                 ;
;                                             ;                     ;
; Total registers                             ; 105                 ;
;     -- Dedicated logic registers            ; 105                 ;
;     -- I/O registers                        ; 0                   ;
;                                             ;                     ;
; I/O pins                                    ; 115                 ;
; Embedded Multiplier 9-bit elements          ; 4                   ;
; Total PLLs                                  ; 1                   ;
; Maximum fan-out node                        ; params:p|startframe ;
; Maximum fan-out                             ; 59                  ;
; Total fan-out                               ; 1953                ;
; Average fan-out                             ; 2.68                ;
+---------------------------------------------+---------------------+


+------------------------------------------------------------------------------------------------------------------------------------------------------------------------------------------------------------------------------+
; Analysis & Synthesis Resource Utilization by Entity                                                                                                                                                                          ;
+-------------------------------------+-------------------+--------------+-------------+--------------+---------+-----------+------+--------------+-------------------------------------------------------------+--------------+
; Compilation Hierarchy Node          ; LC Combinationals ; LC Registers ; Memory Bits ; DSP Elements ; DSP 9x9 ; DSP 18x18 ; Pins ; Virtual Pins ; Full Hierarchy Name                                         ; Library Name ;
+-------------------------------------+-------------------+--------------+-------------+--------------+---------+-----------+------+--------------+-------------------------------------------------------------+--------------+
; |pong                               ; 504 (1)           ; 105 (0)      ; 0           ; 4            ; 0       ; 2         ; 115  ; 0            ; |pong                                                       ; work         ;
;    |game_logic:gl|                  ; 237 (101)         ; 59 (39)      ; 0           ; 4            ; 0       ; 2         ; 0    ; 0            ; |pong|game_logic:gl                                         ; work         ;
;       |counter:left_position|       ; 61 (61)           ; 10 (10)      ; 0           ; 0            ; 0       ; 0         ; 0    ; 0            ; |pong|game_logic:gl|counter:left_position                   ; work         ;
;       |counter:right_position|      ; 75 (75)           ; 10 (10)      ; 0           ; 0            ; 0       ; 0         ; 0    ; 0            ; |pong|game_logic:gl|counter:right_position                  ; work         ;
;       |lpm_mult:Mult0|              ; 0 (0)             ; 0 (0)        ; 0           ; 2            ; 0       ; 1         ; 0    ; 0            ; |pong|game_logic:gl|lpm_mult:Mult0                          ; work         ;
;          |mult_qt01:auto_generated| ; 0 (0)             ; 0 (0)        ; 0           ; 2            ; 0       ; 1         ; 0    ; 0            ; |pong|game_logic:gl|lpm_mult:Mult0|mult_qt01:auto_generated ; work         ;
;       |lpm_mult:Mult1|              ; 0 (0)             ; 0 (0)        ; 0           ; 2            ; 0       ; 1         ; 0    ; 0            ; |pong|game_logic:gl|lpm_mult:Mult1                          ; work         ;
;          |mult_qt01:auto_generated| ; 0 (0)             ; 0 (0)        ; 0           ; 2            ; 0       ; 1         ; 0    ; 0            ; |pong|game_logic:gl|lpm_mult:Mult1|mult_qt01:auto_generated ; work         ;
;    |hex2leds:h0|                    ; 6 (6)             ; 0 (0)        ; 0           ; 0            ; 0       ; 0         ; 0    ; 0            ; |pong|hex2leds:h0                                           ; work         ;
;    |hex2leds:h1|                    ; 7 (7)             ; 0 (0)        ; 0           ; 0            ; 0       ; 0         ; 0    ; 0            ; |pong|hex2leds:h1                                           ; work         ;
;    |hex2leds:h2|                    ; 6 (6)             ; 0 (0)        ; 0           ; 0            ; 0       ; 0         ; 0    ; 0            ; |pong|hex2leds:h2                                           ; work         ;
;    |hex2leds:h3|                    ; 7 (7)             ; 0 (0)        ; 0           ; 0            ; 0       ; 0         ; 0    ; 0            ; |pong|hex2leds:h3                                           ; work         ;
;    |hex2leds:h4|                    ; 7 (7)             ; 0 (0)        ; 0           ; 0            ; 0       ; 0         ; 0    ; 0            ; |pong|hex2leds:h4                                           ; work         ;
;    |hex2leds:h5|                    ; 7 (7)             ; 0 (0)        ; 0           ; 0            ; 0       ; 0         ; 0    ; 0            ; |pong|hex2leds:h5                                           ; work         ;
;    |hex2leds:h6|                    ; 7 (7)             ; 0 (0)        ; 0           ; 0            ; 0       ; 0         ; 0    ; 0            ; |pong|hex2leds:h6                                           ; work         ;
;    |hex2leds:h7|                    ; 7 (7)             ; 0 (0)        ; 0           ; 0            ; 0       ; 0         ; 0    ; 0            ; |pong|hex2leds:h7                                           ; work         ;
;    |params:p|                       ; 72 (72)           ; 25 (25)      ; 0           ; 0            ; 0       ; 0         ; 0    ; 0            ; |pong|params:p                                              ; work         ;
;    |pll108MHz:pll|                  ; 0 (0)             ; 0 (0)        ; 0           ; 0            ; 0       ; 0         ; 0    ; 0            ; |pong|pll108MHz:pll                                         ; work         ;
;       |altpll:altpll_component|     ; 0 (0)             ; 0 (0)        ; 0           ; 0            ; 0       ; 0         ; 0    ; 0            ; |pong|pll108MHz:pll|altpll:altpll_component                 ; work         ;
;    |renderer:r|                     ; 140 (140)         ; 21 (21)      ; 0           ; 0            ; 0       ; 0         ; 0    ; 0            ; |pong|renderer:r                                            ; work         ;
+-------------------------------------+-------------------+--------------+-------------+--------------+---------+-----------+------+--------------+-------------------------------------------------------------+--------------+
Note: For table entries with two numbers listed, the numbers in parentheses indicate the number of resources of the given type used by the specific entity alone. The numbers listed outside of parentheses indicate the total resources of the given type used by the specific entity and all of its sub-entities in the hierarchy.


+-----------------------------------------------------+
; Analysis & Synthesis DSP Block Usage Summary        ;
+---------------------------------------+-------------+
; Statistic                             ; Number Used ;
+---------------------------------------+-------------+
; Simple Multipliers (9-bit)            ; 0           ;
; Simple Multipliers (18-bit)           ; 2           ;
; Embedded Multiplier Blocks            ; --          ;
; Embedded Multiplier 9-bit elements    ; 4           ;
; Signed Embedded Multipliers           ; 0           ;
; Unsigned Embedded Multipliers         ; 2           ;
; Mixed Sign Embedded Multipliers       ; 0           ;
; Variable Sign Embedded Multipliers    ; 0           ;
; Dedicated Input Shift Register Chains ; 0           ;
+---------------------------------------+-------------+
Note: number of Embedded Multiplier Blocks used is only available after a successful fit.


+------------------------------------------------------------------------------------+
; Registers Removed During Synthesis                                                 ;
+-------------------------------------------+----------------------------------------+
; Register name                             ; Reason for Removal                     ;
+-------------------------------------------+----------------------------------------+
; renderer:r|red[0..9]                      ; Stuck at GND due to stuck port data_in ;
; game_logic:gl|ball_y[0]                   ; Merged with game_logic:gl|ball_x[0]    ;
; game_logic:gl|counter:right_position|i[0] ; Stuck at GND due to stuck port data_in ;
; game_logic:gl|counter:left_position|i[0]  ; Stuck at GND due to stuck port data_in ;
; Total Number of Removed Registers = 13    ;                                        ;
+-------------------------------------------+----------------------------------------+


+------------------------------------------------------+
; General Register Statistics                          ;
+----------------------------------------------+-------+
; Statistic                                    ; Value ;
+----------------------------------------------+-------+
; Total registers                              ; 105   ;
; Number of registers using Synchronous Clear  ; 22    ;
; Number of registers using Synchronous Load   ; 2     ;
; Number of registers using Asynchronous Clear ; 59    ;
; Number of registers using Asynchronous Load  ; 0     ;
; Number of registers using Clock Enable       ; 61    ;
; Number of registers using Preset             ; 0     ;
+----------------------------------------------+-------+


+-----------------------------------------------------+
; Inverted Register Statistics                        ;
+-------------------------------------------+---------+
; Inverted Register                         ; Fan out ;
+-------------------------------------------+---------+
; game_logic:gl|ball_y[9]                   ; 11      ;
; game_logic:gl|ball_y[4]                   ; 10      ;
; game_logic:gl|ball_x[9]                   ; 6       ;
; game_logic:gl|ball_x[7]                   ; 5       ;
; game_logic:gl|ball_x[4]                   ; 5       ;
; game_logic:gl|counter:right_position|i[1] ; 15      ;
; game_logic:gl|counter:right_position|i[4] ; 15      ;
; game_logic:gl|counter:right_position|i[5] ; 16      ;
; game_logic:gl|counter:left_position|i[1]  ; 15      ;
; game_logic:gl|counter:left_position|i[4]  ; 15      ;
; game_logic:gl|counter:left_position|i[5]  ; 16      ;
; game_logic:gl|counter:left_position|i[9]  ; 12      ;
; game_logic:gl|counter:right_position|i[9] ; 12      ;
; game_logic:gl|v_y                         ; 1       ;
; game_logic:gl|v_x                         ; 1       ;
; Total number of inverted registers = 15   ;         ;
+-------------------------------------------+---------+


+---------------------------------------------------------------------------------------------------------------------------------------------------------------+
; Multiplexer Restructuring Statistics (Restructuring Performed)                                                                                                ;
+--------------------+-----------+---------------+----------------------+------------------------+------------+-------------------------------------------------+
; Multiplexer Inputs ; Bus Width ; Baseline Area ; Area if Restructured ; Saving if Restructured ; Registered ; Example Multiplexer Output                      ;
+--------------------+-----------+---------------+----------------------+------------------------+------------+-------------------------------------------------+
; 7:1                ; 5 bits    ; 20 LEs        ; 10 LEs               ; 10 LEs                 ; Yes        ; |pong|game_logic:gl|counter:right_position|i[3] ;
; 7:1                ; 5 bits    ; 20 LEs        ; 10 LEs               ; 10 LEs                 ; Yes        ; |pong|game_logic:gl|counter:left_position|i[7]  ;
; 7:1                ; 4 bits    ; 16 LEs        ; 8 LEs                ; 8 LEs                  ; Yes        ; |pong|game_logic:gl|counter:right_position|i[4] ;
; 7:1                ; 4 bits    ; 16 LEs        ; 8 LEs                ; 8 LEs                  ; Yes        ; |pong|game_logic:gl|counter:left_position|i[5]  ;
; 3:1                ; 2 bits    ; 4 LEs         ; 2 LEs                ; 2 LEs                  ; No         ; |pong|renderer:r|blue~1                         ;
+--------------------+-----------+---------------+----------------------+------------------------+------------+-------------------------------------------------+


+------------------------------------------------------------------------------------+
; Parameter Settings for User Entity Instance: pll108MHz:pll|altpll:altpll_component ;
+-------------------------------+-------------------+--------------------------------+
; Parameter Name                ; Value             ; Type                           ;
+-------------------------------+-------------------+--------------------------------+
; OPERATION_MODE                ; NORMAL            ; Untyped                        ;
; PLL_TYPE                      ; AUTO              ; Untyped                        ;
; QUALIFY_CONF_DONE             ; OFF               ; Untyped                        ;
; COMPENSATE_CLOCK              ; CLK0              ; Untyped                        ;
; SCAN_CHAIN                    ; LONG              ; Untyped                        ;
; PRIMARY_CLOCK                 ; INCLK0            ; Untyped                        ;
; INCLK0_INPUT_FREQUENCY        ; 37037             ; Signed Integer                 ;
; INCLK1_INPUT_FREQUENCY        ; 0                 ; Untyped                        ;
; GATE_LOCK_SIGNAL              ; NO                ; Untyped                        ;
; GATE_LOCK_COUNTER             ; 0                 ; Untyped                        ;
; LOCK_HIGH                     ; 1                 ; Untyped                        ;
; LOCK_LOW                      ; 1                 ; Untyped                        ;
; VALID_LOCK_MULTIPLIER         ; 1                 ; Untyped                        ;
; INVALID_LOCK_MULTIPLIER       ; 5                 ; Untyped                        ;
; SWITCH_OVER_ON_LOSSCLK        ; OFF               ; Untyped                        ;
; SWITCH_OVER_ON_GATED_LOCK     ; OFF               ; Untyped                        ;
; ENABLE_SWITCH_OVER_COUNTER    ; OFF               ; Untyped                        ;
; SKIP_VCO                      ; OFF               ; Untyped                        ;
; SWITCH_OVER_COUNTER           ; 0                 ; Untyped                        ;
; SWITCH_OVER_TYPE              ; AUTO              ; Untyped                        ;
; FEEDBACK_SOURCE               ; EXTCLK0           ; Untyped                        ;
; BANDWIDTH                     ; 0                 ; Untyped                        ;
; BANDWIDTH_TYPE                ; AUTO              ; Untyped                        ;
; SPREAD_FREQUENCY              ; 0                 ; Untyped                        ;
; DOWN_SPREAD                   ; 0                 ; Untyped                        ;
; SELF_RESET_ON_GATED_LOSS_LOCK ; OFF               ; Untyped                        ;
; SELF_RESET_ON_LOSS_LOCK       ; OFF               ; Untyped                        ;
; CLK9_MULTIPLY_BY              ; 0                 ; Untyped                        ;
; CLK8_MULTIPLY_BY              ; 0                 ; Untyped                        ;
; CLK7_MULTIPLY_BY              ; 0                 ; Untyped                        ;
; CLK6_MULTIPLY_BY              ; 0                 ; Untyped                        ;
; CLK5_MULTIPLY_BY              ; 1                 ; Untyped                        ;
; CLK4_MULTIPLY_BY              ; 1                 ; Untyped                        ;
; CLK3_MULTIPLY_BY              ; 1                 ; Untyped                        ;
; CLK2_MULTIPLY_BY              ; 1                 ; Untyped                        ;
; CLK1_MULTIPLY_BY              ; 1                 ; Untyped                        ;
; CLK0_MULTIPLY_BY              ; 4                 ; Signed Integer                 ;
; CLK9_DIVIDE_BY                ; 0                 ; Untyped                        ;
; CLK8_DIVIDE_BY                ; 0                 ; Untyped                        ;
; CLK7_DIVIDE_BY                ; 0                 ; Untyped                        ;
; CLK6_DIVIDE_BY                ; 0                 ; Untyped                        ;
; CLK5_DIVIDE_BY                ; 1                 ; Untyped                        ;
; CLK4_DIVIDE_BY                ; 1                 ; Untyped                        ;
; CLK3_DIVIDE_BY                ; 1                 ; Untyped                        ;
; CLK2_DIVIDE_BY                ; 1                 ; Untyped                        ;
; CLK1_DIVIDE_BY                ; 1                 ; Untyped                        ;
; CLK0_DIVIDE_BY                ; 1                 ; Signed Integer                 ;
; CLK9_PHASE_SHIFT              ; 0                 ; Untyped                        ;
; CLK8_PHASE_SHIFT              ; 0                 ; Untyped                        ;
; CLK7_PHASE_SHIFT              ; 0                 ; Untyped                        ;
; CLK6_PHASE_SHIFT              ; 0                 ; Untyped                        ;
; CLK5_PHASE_SHIFT              ; 0                 ; Untyped                        ;
; CLK4_PHASE_SHIFT              ; 0                 ; Untyped                        ;
; CLK3_PHASE_SHIFT              ; 0                 ; Untyped                        ;
; CLK2_PHASE_SHIFT              ; 0                 ; Untyped                        ;
; CLK1_PHASE_SHIFT              ; 0                 ; Untyped                        ;
; CLK0_PHASE_SHIFT              ; 0                 ; Untyped                        ;
; CLK5_TIME_DELAY               ; 0                 ; Untyped                        ;
; CLK4_TIME_DELAY               ; 0                 ; Untyped                        ;
; CLK3_TIME_DELAY               ; 0                 ; Untyped                        ;
; CLK2_TIME_DELAY               ; 0                 ; Untyped                        ;
; CLK1_TIME_DELAY               ; 0                 ; Untyped                        ;
; CLK0_TIME_DELAY               ; 0                 ; Untyped                        ;
; CLK9_DUTY_CYCLE               ; 50                ; Untyped                        ;
; CLK8_DUTY_CYCLE               ; 50                ; Untyped                        ;
; CLK7_DUTY_CYCLE               ; 50                ; Untyped                        ;
; CLK6_DUTY_CYCLE               ; 50                ; Untyped                        ;
; CLK5_DUTY_CYCLE               ; 50                ; Untyped                        ;
; CLK4_DUTY_CYCLE               ; 50                ; Untyped                        ;
; CLK3_DUTY_CYCLE               ; 50                ; Untyped                        ;
; CLK2_DUTY_CYCLE               ; 50                ; Untyped                        ;
; CLK1_DUTY_CYCLE               ; 50                ; Untyped                        ;
; CLK0_DUTY_CYCLE               ; 50                ; Signed Integer                 ;
; CLK9_USE_EVEN_COUNTER_MODE    ; OFF               ; Untyped                        ;
; CLK8_USE_EVEN_COUNTER_MODE    ; OFF               ; Untyped                        ;
; CLK7_USE_EVEN_COUNTER_MODE    ; OFF               ; Untyped                        ;
; CLK6_USE_EVEN_COUNTER_MODE    ; OFF               ; Untyped                        ;
; CLK5_USE_EVEN_COUNTER_MODE    ; OFF               ; Untyped                        ;
; CLK4_USE_EVEN_COUNTER_MODE    ; OFF               ; Untyped                        ;
; CLK3_USE_EVEN_COUNTER_MODE    ; OFF               ; Untyped                        ;
; CLK2_USE_EVEN_COUNTER_MODE    ; OFF               ; Untyped                        ;
; CLK1_USE_EVEN_COUNTER_MODE    ; OFF               ; Untyped                        ;
; CLK0_USE_EVEN_COUNTER_MODE    ; OFF               ; Untyped                        ;
; CLK9_USE_EVEN_COUNTER_VALUE   ; OFF               ; Untyped                        ;
; CLK8_USE_EVEN_COUNTER_VALUE   ; OFF               ; Untyped                        ;
; CLK7_USE_EVEN_COUNTER_VALUE   ; OFF               ; Untyped                        ;
; CLK6_USE_EVEN_COUNTER_VALUE   ; OFF               ; Untyped                        ;
; CLK5_USE_EVEN_COUNTER_VALUE   ; OFF               ; Untyped                        ;
; CLK4_USE_EVEN_COUNTER_VALUE   ; OFF               ; Untyped                        ;
; CLK3_USE_EVEN_COUNTER_VALUE   ; OFF               ; Untyped                        ;
; CLK2_USE_EVEN_COUNTER_VALUE   ; OFF               ; Untyped                        ;
; CLK1_USE_EVEN_COUNTER_VALUE   ; OFF               ; Untyped                        ;
; CLK0_USE_EVEN_COUNTER_VALUE   ; OFF               ; Untyped                        ;
; LOCK_WINDOW_UI                ;  0.05             ; Untyped                        ;
; LOCK_WINDOW_UI_BITS           ; UNUSED            ; Untyped                        ;
; VCO_RANGE_DETECTOR_LOW_BITS   ; UNUSED            ; Untyped                        ;
; VCO_RANGE_DETECTOR_HIGH_BITS  ; UNUSED            ; Untyped                        ;
; DPA_MULTIPLY_BY               ; 0                 ; Untyped                        ;
; DPA_DIVIDE_BY                 ; 1                 ; Untyped                        ;
; DPA_DIVIDER                   ; 0                 ; Untyped                        ;
; EXTCLK3_MULTIPLY_BY           ; 1                 ; Untyped                        ;
; EXTCLK2_MULTIPLY_BY           ; 1                 ; Untyped                        ;
; EXTCLK1_MULTIPLY_BY           ; 1                 ; Untyped                        ;
; EXTCLK0_MULTIPLY_BY           ; 1                 ; Untyped                        ;
; EXTCLK3_DIVIDE_BY             ; 1                 ; Untyped                        ;
; EXTCLK2_DIVIDE_BY             ; 1                 ; Untyped                        ;
; EXTCLK1_DIVIDE_BY             ; 1                 ; Untyped                        ;
; EXTCLK0_DIVIDE_BY             ; 1                 ; Untyped                        ;
; EXTCLK3_PHASE_SHIFT           ; 0                 ; Untyped                        ;
; EXTCLK2_PHASE_SHIFT           ; 0                 ; Untyped                        ;
; EXTCLK1_PHASE_SHIFT           ; 0                 ; Untyped                        ;
; EXTCLK0_PHASE_SHIFT           ; 0                 ; Untyped                        ;
; EXTCLK3_TIME_DELAY            ; 0                 ; Untyped                        ;
; EXTCLK2_TIME_DELAY            ; 0                 ; Untyped                        ;
; EXTCLK1_TIME_DELAY            ; 0                 ; Untyped                        ;
; EXTCLK0_TIME_DELAY            ; 0                 ; Untyped                        ;
; EXTCLK3_DUTY_CYCLE            ; 50                ; Untyped                        ;
; EXTCLK2_DUTY_CYCLE            ; 50                ; Untyped                        ;
; EXTCLK1_DUTY_CYCLE            ; 50                ; Untyped                        ;
; EXTCLK0_DUTY_CYCLE            ; 50                ; Untyped                        ;
; VCO_MULTIPLY_BY               ; 0                 ; Untyped                        ;
; VCO_DIVIDE_BY                 ; 0                 ; Untyped                        ;
; SCLKOUT0_PHASE_SHIFT          ; 0                 ; Untyped                        ;
; SCLKOUT1_PHASE_SHIFT          ; 0                 ; Untyped                        ;
; VCO_MIN                       ; 0                 ; Untyped                        ;
; VCO_MAX                       ; 0                 ; Untyped                        ;
; VCO_CENTER                    ; 0                 ; Untyped                        ;
; PFD_MIN                       ; 0                 ; Untyped                        ;
; PFD_MAX                       ; 0                 ; Untyped                        ;
; M_INITIAL                     ; 0                 ; Untyped                        ;
; M                             ; 0                 ; Untyped                        ;
; N                             ; 1                 ; Untyped                        ;
; M2                            ; 1                 ; Untyped                        ;
; N2                            ; 1                 ; Untyped                        ;
; SS                            ; 1                 ; Untyped                        ;
; C0_HIGH                       ; 0                 ; Untyped                        ;
; C1_HIGH                       ; 0                 ; Untyped                        ;
; C2_HIGH                       ; 0                 ; Untyped                        ;
; C3_HIGH                       ; 0                 ; Untyped                        ;
; C4_HIGH                       ; 0                 ; Untyped                        ;
; C5_HIGH                       ; 0                 ; Untyped                        ;
; C6_HIGH                       ; 0                 ; Untyped                        ;
; C7_HIGH                       ; 0                 ; Untyped                        ;
; C8_HIGH                       ; 0                 ; Untyped                        ;
; C9_HIGH                       ; 0                 ; Untyped                        ;
; C0_LOW                        ; 0                 ; Untyped                        ;
; C1_LOW                        ; 0                 ; Untyped                        ;
; C2_LOW                        ; 0                 ; Untyped                        ;
; C3_LOW                        ; 0                 ; Untyped                        ;
; C4_LOW                        ; 0                 ; Untyped                        ;
; C5_LOW                        ; 0                 ; Untyped                        ;
; C6_LOW                        ; 0                 ; Untyped                        ;
; C7_LOW                        ; 0                 ; Untyped                        ;
; C8_LOW                        ; 0                 ; Untyped                        ;
; C9_LOW                        ; 0                 ; Untyped                        ;
; C0_INITIAL                    ; 0                 ; Untyped                        ;
; C1_INITIAL                    ; 0                 ; Untyped                        ;
; C2_INITIAL                    ; 0                 ; Untyped                        ;
; C3_INITIAL                    ; 0                 ; Untyped                        ;
; C4_INITIAL                    ; 0                 ; Untyped                        ;
; C5_INITIAL                    ; 0                 ; Untyped                        ;
; C6_INITIAL                    ; 0                 ; Untyped                        ;
; C7_INITIAL                    ; 0                 ; Untyped                        ;
; C8_INITIAL                    ; 0                 ; Untyped                        ;
; C9_INITIAL                    ; 0                 ; Untyped                        ;
; C0_MODE                       ; BYPASS            ; Untyped                        ;
; C1_MODE                       ; BYPASS            ; Untyped                        ;
; C2_MODE                       ; BYPASS            ; Untyped                        ;
; C3_MODE                       ; BYPASS            ; Untyped                        ;
; C4_MODE                       ; BYPASS            ; Untyped                        ;
; C5_MODE                       ; BYPASS            ; Untyped                        ;
; C6_MODE                       ; BYPASS            ; Untyped                        ;
; C7_MODE                       ; BYPASS            ; Untyped                        ;
; C8_MODE                       ; BYPASS            ; Untyped                        ;
; C9_MODE                       ; BYPASS            ; Untyped                        ;
; C0_PH                         ; 0                 ; Untyped                        ;
; C1_PH                         ; 0                 ; Untyped                        ;
; C2_PH                         ; 0                 ; Untyped                        ;
; C3_PH                         ; 0                 ; Untyped                        ;
; C4_PH                         ; 0                 ; Untyped                        ;
; C5_PH                         ; 0                 ; Untyped                        ;
; C6_PH                         ; 0                 ; Untyped                        ;
; C7_PH                         ; 0                 ; Untyped                        ;
; C8_PH                         ; 0                 ; Untyped                        ;
; C9_PH                         ; 0                 ; Untyped                        ;
; L0_HIGH                       ; 1                 ; Untyped                        ;
; L1_HIGH                       ; 1                 ; Untyped                        ;
; G0_HIGH                       ; 1                 ; Untyped                        ;
; G1_HIGH                       ; 1                 ; Untyped                        ;
; G2_HIGH                       ; 1                 ; Untyped                        ;
; G3_HIGH                       ; 1                 ; Untyped                        ;
; E0_HIGH                       ; 1                 ; Untyped                        ;
; E1_HIGH                       ; 1                 ; Untyped                        ;
; E2_HIGH                       ; 1                 ; Untyped                        ;
; E3_HIGH                       ; 1                 ; Untyped                        ;
; L0_LOW                        ; 1                 ; Untyped                        ;
; L1_LOW                        ; 1                 ; Untyped                        ;
; G0_LOW                        ; 1                 ; Untyped                        ;
; G1_LOW                        ; 1                 ; Untyped                        ;
; G2_LOW                        ; 1                 ; Untyped                        ;
; G3_LOW                        ; 1                 ; Untyped                        ;
; E0_LOW                        ; 1                 ; Untyped                        ;
; E1_LOW                        ; 1                 ; Untyped                        ;
; E2_LOW                        ; 1                 ; Untyped                        ;
; E3_LOW                        ; 1                 ; Untyped                        ;
; L0_INITIAL                    ; 1                 ; Untyped                        ;
; L1_INITIAL                    ; 1                 ; Untyped                        ;
; G0_INITIAL                    ; 1                 ; Untyped                        ;
; G1_INITIAL                    ; 1                 ; Untyped                        ;
; G2_INITIAL                    ; 1                 ; Untyped                        ;
; G3_INITIAL                    ; 1                 ; Untyped                        ;
; E0_INITIAL                    ; 1                 ; Untyped                        ;
; E1_INITIAL                    ; 1                 ; Untyped                        ;
; E2_INITIAL                    ; 1                 ; Untyped                        ;
; E3_INITIAL                    ; 1                 ; Untyped                        ;
; L0_MODE                       ; BYPASS            ; Untyped                        ;
; L1_MODE                       ; BYPASS            ; Untyped                        ;
; G0_MODE                       ; BYPASS            ; Untyped                        ;
; G1_MODE                       ; BYPASS            ; Untyped                        ;
; G2_MODE                       ; BYPASS            ; Untyped                        ;
; G3_MODE                       ; BYPASS            ; Untyped                        ;
; E0_MODE                       ; BYPASS            ; Untyped                        ;
; E1_MODE                       ; BYPASS            ; Untyped                        ;
; E2_MODE                       ; BYPASS            ; Untyped                        ;
; E3_MODE                       ; BYPASS            ; Untyped                        ;
; L0_PH                         ; 0                 ; Untyped                        ;
; L1_PH                         ; 0                 ; Untyped                        ;
; G0_PH                         ; 0                 ; Untyped                        ;
; G1_PH                         ; 0                 ; Untyped                        ;
; G2_PH                         ; 0                 ; Untyped                        ;
; G3_PH                         ; 0                 ; Untyped                        ;
; E0_PH                         ; 0                 ; Untyped                        ;
; E1_PH                         ; 0                 ; Untyped                        ;
; E2_PH                         ; 0                 ; Untyped                        ;
; E3_PH                         ; 0                 ; Untyped                        ;
; M_PH                          ; 0                 ; Untyped                        ;
; C1_USE_CASC_IN                ; OFF               ; Untyped                        ;
; C2_USE_CASC_IN                ; OFF               ; Untyped                        ;
; C3_USE_CASC_IN                ; OFF               ; Untyped                        ;
; C4_USE_CASC_IN                ; OFF               ; Untyped                        ;
; C5_USE_CASC_IN                ; OFF               ; Untyped                        ;
; C6_USE_CASC_IN                ; OFF               ; Untyped                        ;
; C7_USE_CASC_IN                ; OFF               ; Untyped                        ;
; C8_USE_CASC_IN                ; OFF               ; Untyped                        ;
; C9_USE_CASC_IN                ; OFF               ; Untyped                        ;
; CLK0_COUNTER                  ; G0                ; Untyped                        ;
; CLK1_COUNTER                  ; G0                ; Untyped                        ;
; CLK2_COUNTER                  ; G0                ; Untyped                        ;
; CLK3_COUNTER                  ; G0                ; Untyped                        ;
; CLK4_COUNTER                  ; G0                ; Untyped                        ;
; CLK5_COUNTER                  ; G0                ; Untyped                        ;
; CLK6_COUNTER                  ; E0                ; Untyped                        ;
; CLK7_COUNTER                  ; E1                ; Untyped                        ;
; CLK8_COUNTER                  ; E2                ; Untyped                        ;
; CLK9_COUNTER                  ; E3                ; Untyped                        ;
; L0_TIME_DELAY                 ; 0                 ; Untyped                        ;
; L1_TIME_DELAY                 ; 0                 ; Untyped                        ;
; G0_TIME_DELAY                 ; 0                 ; Untyped                        ;
; G1_TIME_DELAY                 ; 0                 ; Untyped                        ;
; G2_TIME_DELAY                 ; 0                 ; Untyped                        ;
; G3_TIME_DELAY                 ; 0                 ; Untyped                        ;
; E0_TIME_DELAY                 ; 0                 ; Untyped                        ;
; E1_TIME_DELAY                 ; 0                 ; Untyped                        ;
; E2_TIME_DELAY                 ; 0                 ; Untyped                        ;
; E3_TIME_DELAY                 ; 0                 ; Untyped                        ;
; M_TIME_DELAY                  ; 0                 ; Untyped                        ;
; N_TIME_DELAY                  ; 0                 ; Untyped                        ;
; EXTCLK3_COUNTER               ; E3                ; Untyped                        ;
; EXTCLK2_COUNTER               ; E2                ; Untyped                        ;
; EXTCLK1_COUNTER               ; E1                ; Untyped                        ;
; EXTCLK0_COUNTER               ; E0                ; Untyped                        ;
; ENABLE0_COUNTER               ; L0                ; Untyped                        ;
; ENABLE1_COUNTER               ; L0                ; Untyped                        ;
; CHARGE_PUMP_CURRENT           ; 2                 ; Untyped                        ;
; LOOP_FILTER_R                 ;  1.000000         ; Untyped                        ;
; LOOP_FILTER_C                 ; 5                 ; Untyped                        ;
; CHARGE_PUMP_CURRENT_BITS      ; 9999              ; Untyped                        ;
; LOOP_FILTER_R_BITS            ; 9999              ; Untyped                        ;
; LOOP_FILTER_C_BITS            ; 9999              ; Untyped                        ;
; VCO_POST_SCALE                ; 0                 ; Untyped                        ;
; CLK2_OUTPUT_FREQUENCY         ; 0                 ; Untyped                        ;
; CLK1_OUTPUT_FREQUENCY         ; 0                 ; Untyped                        ;
; CLK0_OUTPUT_FREQUENCY         ; 0                 ; Untyped                        ;
; INTENDED_DEVICE_FAMILY        ; Cyclone II        ; Untyped                        ;
; PORT_CLKENA0                  ; PORT_UNUSED       ; Untyped                        ;
; PORT_CLKENA1                  ; PORT_UNUSED       ; Untyped                        ;
; PORT_CLKENA2                  ; PORT_UNUSED       ; Untyped                        ;
; PORT_CLKENA3                  ; PORT_UNUSED       ; Untyped                        ;
; PORT_CLKENA4                  ; PORT_UNUSED       ; Untyped                        ;
; PORT_CLKENA5                  ; PORT_UNUSED       ; Untyped                        ;
; PORT_EXTCLKENA0               ; PORT_CONNECTIVITY ; Untyped                        ;
; PORT_EXTCLKENA1               ; PORT_CONNECTIVITY ; Untyped                        ;
; PORT_EXTCLKENA2               ; PORT_CONNECTIVITY ; Untyped                        ;
; PORT_EXTCLKENA3               ; PORT_CONNECTIVITY ; Untyped                        ;
; PORT_EXTCLK0                  ; PORT_UNUSED       ; Untyped                        ;
; PORT_EXTCLK1                  ; PORT_UNUSED       ; Untyped                        ;
; PORT_EXTCLK2                  ; PORT_UNUSED       ; Untyped                        ;
; PORT_EXTCLK3                  ; PORT_UNUSED       ; Untyped                        ;
; PORT_CLKBAD0                  ; PORT_UNUSED       ; Untyped                        ;
; PORT_CLKBAD1                  ; PORT_UNUSED       ; Untyped                        ;
; PORT_CLK0                     ; PORT_USED         ; Untyped                        ;
; PORT_CLK1                     ; PORT_UNUSED       ; Untyped                        ;
; PORT_CLK2                     ; PORT_UNUSED       ; Untyped                        ;
; PORT_CLK3                     ; PORT_UNUSED       ; Untyped                        ;
; PORT_CLK4                     ; PORT_UNUSED       ; Untyped                        ;
; PORT_CLK5                     ; PORT_UNUSED       ; Untyped                        ;
; PORT_CLK6                     ; PORT_UNUSED       ; Untyped                        ;
; PORT_CLK7                     ; PORT_UNUSED       ; Untyped                        ;
; PORT_CLK8                     ; PORT_UNUSED       ; Untyped                        ;
; PORT_CLK9                     ; PORT_UNUSED       ; Untyped                        ;
; PORT_SCANDATA                 ; PORT_UNUSED       ; Untyped                        ;
; PORT_SCANDATAOUT              ; PORT_UNUSED       ; Untyped                        ;
; PORT_SCANDONE                 ; PORT_UNUSED       ; Untyped                        ;
; PORT_SCLKOUT1                 ; PORT_CONNECTIVITY ; Untyped                        ;
; PORT_SCLKOUT0                 ; PORT_CONNECTIVITY ; Untyped                        ;
; PORT_ACTIVECLOCK              ; PORT_UNUSED       ; Untyped                        ;
; PORT_CLKLOSS                  ; PORT_UNUSED       ; Untyped                        ;
; PORT_INCLK1                   ; PORT_UNUSED       ; Untyped                        ;
; PORT_INCLK0                   ; PORT_USED         ; Untyped                        ;
; PORT_FBIN                     ; PORT_UNUSED       ; Untyped                        ;
; PORT_PLLENA                   ; PORT_UNUSED       ; Untyped                        ;
; PORT_CLKSWITCH                ; PORT_UNUSED       ; Untyped                        ;
; PORT_ARESET                   ; PORT_UNUSED       ; Untyped                        ;
; PORT_PFDENA                   ; PORT_UNUSED       ; Untyped                        ;
; PORT_SCANCLK                  ; PORT_UNUSED       ; Untyped                        ;
; PORT_SCANACLR                 ; PORT_UNUSED       ; Untyped                        ;
; PORT_SCANREAD                 ; PORT_UNUSED       ; Untyped                        ;
; PORT_SCANWRITE                ; PORT_UNUSED       ; Untyped                        ;
; PORT_ENABLE0                  ; PORT_CONNECTIVITY ; Untyped                        ;
; PORT_ENABLE1                  ; PORT_CONNECTIVITY ; Untyped                        ;
; PORT_LOCKED                   ; PORT_UNUSED       ; Untyped                        ;
; PORT_CONFIGUPDATE             ; PORT_UNUSED       ; Untyped                        ;
; PORT_FBOUT                    ; PORT_CONNECTIVITY ; Untyped                        ;
; PORT_PHASEDONE                ; PORT_UNUSED       ; Untyped                        ;
; PORT_PHASESTEP                ; PORT_UNUSED       ; Untyped                        ;
; PORT_PHASEUPDOWN              ; PORT_UNUSED       ; Untyped                        ;
; PORT_SCANCLKENA               ; PORT_UNUSED       ; Untyped                        ;
; PORT_PHASECOUNTERSELECT       ; PORT_UNUSED       ; Untyped                        ;
; PORT_VCOOVERRANGE             ; PORT_CONNECTIVITY ; Untyped                        ;
; PORT_VCOUNDERRANGE            ; PORT_CONNECTIVITY ; Untyped                        ;
; M_TEST_SOURCE                 ; 5                 ; Untyped                        ;
; C0_TEST_SOURCE                ; 5                 ; Untyped                        ;
; C1_TEST_SOURCE                ; 5                 ; Untyped                        ;
; C2_TEST_SOURCE                ; 5                 ; Untyped                        ;
; C3_TEST_SOURCE                ; 5                 ; Untyped                        ;
; C4_TEST_SOURCE                ; 5                 ; Untyped                        ;
; C5_TEST_SOURCE                ; 5                 ; Untyped                        ;
; C6_TEST_SOURCE                ; 5                 ; Untyped                        ;
; C7_TEST_SOURCE                ; 5                 ; Untyped                        ;
; C8_TEST_SOURCE                ; 5                 ; Untyped                        ;
; C9_TEST_SOURCE                ; 5                 ; Untyped                        ;
; CBXI_PARAMETER                ; NOTHING           ; Untyped                        ;
; VCO_FREQUENCY_CONTROL         ; AUTO              ; Untyped                        ;
; VCO_PHASE_SHIFT_STEP          ; 0                 ; Untyped                        ;
; WIDTH_CLOCK                   ; 6                 ; Untyped                        ;
; WIDTH_PHASECOUNTERSELECT      ; 4                 ; Untyped                        ;
; USING_FBMIMICBIDIR_PORT       ; OFF               ; Untyped                        ;
; DEVICE_FAMILY                 ; Cyclone II        ; Untyped                        ;
; SCAN_CHAIN_MIF_FILE           ; UNUSED            ; Untyped                        ;
; SIM_GATE_LOCK_DEVICE_BEHAVIOR ; OFF               ; Untyped                        ;
; AUTO_CARRY_CHAINS             ; ON                ; AUTO_CARRY                     ;
; IGNORE_CARRY_BUFFERS          ; OFF               ; IGNORE_CARRY                   ;
; AUTO_CASCADE_CHAINS           ; ON                ; AUTO_CASCADE                   ;
; IGNORE_CASCADE_BUFFERS        ; OFF               ; IGNORE_CASCADE                 ;
+-------------------------------+-------------------+--------------------------------+
Note: In order to hide this table in the UI and the text report file, please set the "Show Parameter Settings Tables in Synthesis Report" option in "Analysis and Synthesis Settings -> More Settings" to "Off".


+-----------------------------------------------------------------------------------+
; Parameter Settings for Inferred Entity Instance: game_logic:gl|lpm_mult:Mult0     ;
+------------------------------------------------+------------+---------------------+
; Parameter Name                                 ; Value      ; Type                ;
+------------------------------------------------+------------+---------------------+
; AUTO_CARRY_CHAINS                              ; ON         ; AUTO_CARRY          ;
; IGNORE_CARRY_BUFFERS                           ; OFF        ; IGNORE_CARRY        ;
; AUTO_CASCADE_CHAINS                            ; ON         ; AUTO_CASCADE        ;
; IGNORE_CASCADE_BUFFERS                         ; OFF        ; IGNORE_CASCADE      ;
; LPM_WIDTHA                                     ; 11         ; Untyped             ;
; LPM_WIDTHB                                     ; 8          ; Untyped             ;
; LPM_WIDTHP                                     ; 19         ; Untyped             ;
; LPM_WIDTHR                                     ; 19         ; Untyped             ;
; LPM_WIDTHS                                     ; 1          ; Untyped             ;
; LPM_REPRESENTATION                             ; UNSIGNED   ; Untyped             ;
; LPM_PIPELINE                                   ; 0          ; Untyped             ;
; LATENCY                                        ; 0          ; Untyped             ;
; INPUT_A_IS_CONSTANT                            ; NO         ; Untyped             ;
; INPUT_B_IS_CONSTANT                            ; NO         ; Untyped             ;
; USE_EAB                                        ; OFF        ; Untyped             ;
; MAXIMIZE_SPEED                                 ; 6          ; Untyped             ;
; DEVICE_FAMILY                                  ; Cyclone II ; Untyped             ;
; CARRY_CHAIN                                    ; MANUAL     ; Untyped             ;
; APEX20K_TECHNOLOGY_MAPPER                      ; LUT        ; TECH_MAPPER_APEX20K ;
; DEDICATED_MULTIPLIER_CIRCUITRY                 ; AUTO       ; Untyped             ;
; DEDICATED_MULTIPLIER_MIN_INPUT_WIDTH_FOR_AUTO  ; 0          ; Untyped             ;
; DEDICATED_MULTIPLIER_MIN_OUTPUT_WIDTH_FOR_AUTO ; 0          ; Untyped             ;
; CBXI_PARAMETER                                 ; mult_qt01  ; Untyped             ;
; INPUT_A_FIXED_VALUE                            ; Bx         ; Untyped             ;
; INPUT_B_FIXED_VALUE                            ; Bx         ; Untyped             ;
; USE_AHDL_IMPLEMENTATION                        ; OFF        ; Untyped             ;
+------------------------------------------------+------------+---------------------+
Note: In order to hide this table in the UI and the text report file, please set the "Show Parameter Settings Tables in Synthesis Report" option in "Analysis and Synthesis Settings -> More Settings" to "Off".


+-----------------------------------------------------------------------------------+
; Parameter Settings for Inferred Entity Instance: game_logic:gl|lpm_mult:Mult1     ;
+------------------------------------------------+------------+---------------------+
; Parameter Name                                 ; Value      ; Type                ;
+------------------------------------------------+------------+---------------------+
; AUTO_CARRY_CHAINS                              ; ON         ; AUTO_CARRY          ;
; IGNORE_CARRY_BUFFERS                           ; OFF        ; IGNORE_CARRY        ;
; AUTO_CASCADE_CHAINS                            ; ON         ; AUTO_CASCADE        ;
; IGNORE_CASCADE_BUFFERS                         ; OFF        ; IGNORE_CASCADE      ;
; LPM_WIDTHA                                     ; 11         ; Untyped             ;
; LPM_WIDTHB                                     ; 8          ; Untyped             ;
; LPM_WIDTHP                                     ; 19         ; Untyped             ;
; LPM_WIDTHR                                     ; 19         ; Untyped             ;
; LPM_WIDTHS                                     ; 1          ; Untyped             ;
; LPM_REPRESENTATION                             ; UNSIGNED   ; Untyped             ;
; LPM_PIPELINE                                   ; 0          ; Untyped             ;
; LATENCY                                        ; 0          ; Untyped             ;
; INPUT_A_IS_CONSTANT                            ; NO         ; Untyped             ;
; INPUT_B_IS_CONSTANT                            ; NO         ; Untyped             ;
; USE_EAB                                        ; OFF        ; Untyped             ;
; MAXIMIZE_SPEED                                 ; 6          ; Untyped             ;
; DEVICE_FAMILY                                  ; Cyclone II ; Untyped             ;
; CARRY_CHAIN                                    ; MANUAL     ; Untyped             ;
; APEX20K_TECHNOLOGY_MAPPER                      ; LUT        ; TECH_MAPPER_APEX20K ;
; DEDICATED_MULTIPLIER_CIRCUITRY                 ; AUTO       ; Untyped             ;
; DEDICATED_MULTIPLIER_MIN_INPUT_WIDTH_FOR_AUTO  ; 0          ; Untyped             ;
; DEDICATED_MULTIPLIER_MIN_OUTPUT_WIDTH_FOR_AUTO ; 0          ; Untyped             ;
; CBXI_PARAMETER                                 ; mult_qt01  ; Untyped             ;
; INPUT_A_FIXED_VALUE                            ; Bx         ; Untyped             ;
; INPUT_B_FIXED_VALUE                            ; Bx         ; Untyped             ;
; USE_AHDL_IMPLEMENTATION                        ; OFF        ; Untyped             ;
+------------------------------------------------+------------+---------------------+
Note: In order to hide this table in the UI and the text report file, please set the "Show Parameter Settings Tables in Synthesis Report" option in "Analysis and Synthesis Settings -> More Settings" to "Off".


+-----------------------------------------------------------------------+
; altpll Parameter Settings by Entity Instance                          ;
+-------------------------------+---------------------------------------+
; Name                          ; Value                                 ;
+-------------------------------+---------------------------------------+
; Number of entity instances    ; 1                                     ;
; Entity Instance               ; pll108MHz:pll|altpll:altpll_component ;
;     -- OPERATION_MODE         ; NORMAL                                ;
;     -- PLL_TYPE               ; AUTO                                  ;
;     -- PRIMARY_CLOCK          ; INCLK0                                ;
;     -- INCLK0_INPUT_FREQUENCY ; 37037                                 ;
;     -- INCLK1_INPUT_FREQUENCY ; 0                                     ;
;     -- VCO_MULTIPLY_BY        ; 0                                     ;
;     -- VCO_DIVIDE_BY          ; 0                                     ;
+-------------------------------+---------------------------------------+


+----------------------------------------------------------------------+
; lpm_mult Parameter Settings by Entity Instance                       ;
+---------------------------------------+------------------------------+
; Name                                  ; Value                        ;
+---------------------------------------+------------------------------+
; Number of entity instances            ; 2                            ;
; Entity Instance                       ; game_logic:gl|lpm_mult:Mult0 ;
;     -- LPM_WIDTHA                     ; 11                           ;
;     -- LPM_WIDTHB                     ; 8                            ;
;     -- LPM_WIDTHP                     ; 19                           ;
;     -- LPM_REPRESENTATION             ; UNSIGNED                     ;
;     -- INPUT_A_IS_CONSTANT            ; NO                           ;
;     -- INPUT_B_IS_CONSTANT            ; NO                           ;
;     -- USE_EAB                        ; OFF                          ;
;     -- DEDICATED_MULTIPLIER_CIRCUITRY ; AUTO                         ;
;     -- INPUT_A_FIXED_VALUE            ; Bx                           ;
;     -- INPUT_B_FIXED_VALUE            ; Bx                           ;
; Entity Instance                       ; game_logic:gl|lpm_mult:Mult1 ;
;     -- LPM_WIDTHA                     ; 11                           ;
;     -- LPM_WIDTHB                     ; 8                            ;
;     -- LPM_WIDTHP                     ; 19                           ;
;     -- LPM_REPRESENTATION             ; UNSIGNED                     ;
;     -- INPUT_A_IS_CONSTANT            ; NO                           ;
;     -- INPUT_B_IS_CONSTANT            ; NO                           ;
;     -- USE_EAB                        ; OFF                          ;
;     -- DEDICATED_MULTIPLIER_CIRCUITRY ; AUTO                         ;
;     -- INPUT_A_FIXED_VALUE            ; Bx                           ;
;     -- INPUT_B_FIXED_VALUE            ; Bx                           ;
+---------------------------------------+------------------------------+


+-------------------------------------------------------------------------------------------------------------------------------------------------------------------------------------------------------------------+
; Port Connectivity Checks: "game_logic:gl|counter:right_position"                                                                                                                                                  ;
+-----------+-------+----------+------------------------------------------------------------------------------------------------------------------------------------------------------------------------------------+
; Port      ; Type  ; Severity ; Details                                                                                                                                                                            ;
+-----------+-------+----------+------------------------------------------------------------------------------------------------------------------------------------------------------------------------------------+
; offset    ; Input ; Warning  ; Input port expression (32 bits) is wider than the input port (8 bits) it drives.  The 24 most-significant bit(s) in the expression will be dangling if they have no other fanouts. ;
; offset[0] ; Input ; Info     ; Stuck at GND                                                                                                                                                                       ;
+-----------+-------+----------+------------------------------------------------------------------------------------------------------------------------------------------------------------------------------------+


+-------------------------------------------------------------------------------------------------------------------------------------------------------------------------------------------------------------------+
; Port Connectivity Checks: "game_logic:gl|counter:left_position"                                                                                                                                                   ;
+-----------+-------+----------+------------------------------------------------------------------------------------------------------------------------------------------------------------------------------------+
; Port      ; Type  ; Severity ; Details                                                                                                                                                                            ;
+-----------+-------+----------+------------------------------------------------------------------------------------------------------------------------------------------------------------------------------------+
; offset    ; Input ; Warning  ; Input port expression (32 bits) is wider than the input port (8 bits) it drives.  The 24 most-significant bit(s) in the expression will be dangling if they have no other fanouts. ;
; offset[0] ; Input ; Info     ; Stuck at GND                                                                                                                                                                       ;
+-----------+-------+----------+------------------------------------------------------------------------------------------------------------------------------------------------------------------------------------+


+-------------------------------+
; Analysis & Synthesis Messages ;
+-------------------------------+
Info: *******************************************************************
Info: Running Quartus II Analysis & Synthesis
    Info: Version 9.0 Build 184 04/29/2009 Service Pack 1 SJ Full Version
    Info: Processing started: Fri Oct 30 16:32:07 2009
Info: Command: quartus_map --read_settings_files=on --write_settings_files=off pong -c pong
Info: Found 1 design units, including 1 entities, in source file counter.v
    Info: Found entity 1: counter
Info: Found 0 design units, including 0 entities, in source file defines.v
Warning (10275): Verilog HDL Module Instantiation warning at game_logic.v(40): ignored dangling comma in List of Port Connections
Info: Found 1 design units, including 1 entities, in source file game_logic.v
    Info: Found entity 1: game_logic
Info: Found 1 design units, including 1 entities, in source file hex2leds.v
    Info: Found entity 1: hex2leds
Info: Found 1 design units, including 1 entities, in source file params.v
    Info: Found entity 1: params
Info: Found 1 design units, including 1 entities, in source file pll108MHz.v
    Info: Found entity 1: pll108MHz
Info: Found 1 design units, including 1 entities, in source file pong.v
    Info: Found entity 1: pong
Info: Found 1 design units, including 1 entities, in source file renderer.v
    Info: Found entity 1: renderer
Info: Elaborating entity "pong" for the top level hierarchy
Info: Elaborating entity "pll108MHz" for hierarchy "pll108MHz:pll"
Info: Elaborating entity "altpll" for hierarchy "pll108MHz:pll|altpll:altpll_component"
Info: Elaborated megafunction instantiation "pll108MHz:pll|altpll:altpll_component"
Info: Instantiated megafunction "pll108MHz:pll|altpll:altpll_component" with the following parameter:
    Info: Parameter "clk0_divide_by" = "1"
    Info: Parameter "clk0_duty_cycle" = "50"
    Info: Parameter "clk0_multiply_by" = "4"
    Info: Parameter "clk0_phase_shift" = "0"
    Info: Parameter "compensate_clock" = "CLK0"
    Info: Parameter "inclk0_input_frequency" = "37037"
    Info: Parameter "intended_device_family" = "Cyclone II"
    Info: Parameter "lpm_hint" = "CBX_MODULE_PREFIX=pll108MHz"
    Info: Parameter "lpm_type" = "altpll"
    Info: Parameter "operation_mode" = "NORMAL"
    Info: Parameter "port_activeclock" = "PORT_UNUSED"
    Info: Parameter "port_areset" = "PORT_UNUSED"
    Info: Parameter "port_clkbad0" = "PORT_UNUSED"
    Info: Parameter "port_clkbad1" = "PORT_UNUSED"
    Info: Parameter "port_clkloss" = "PORT_UNUSED"
    Info: Parameter "port_clkswitch" = "PORT_UNUSED"
    Info: Parameter "port_configupdate" = "PORT_UNUSED"
    Info: Parameter "port_fbin" = "PORT_UNUSED"
    Info: Parameter "port_inclk0" = "PORT_USED"
    Info: Parameter "port_inclk1" = "PORT_UNUSED"
    Info: Parameter "port_locked" = "PORT_UNUSED"
    Info: Parameter "port_pfdena" = "PORT_UNUSED"
    Info: Parameter "port_phasecounterselect" = "PORT_UNUSED"
    Info: Parameter "port_phasedone" = "PORT_UNUSED"
    Info: Parameter "port_phasestep" = "PORT_UNUSED"
    Info: Parameter "port_phaseupdown" = "PORT_UNUSED"
    Info: Parameter "port_pllena" = "PORT_UNUSED"
    Info: Parameter "port_scanaclr" = "PORT_UNUSED"
    Info: Parameter "port_scanclk" = "PORT_UNUSED"
    Info: Parameter "port_scanclkena" = "PORT_UNUSED"
    Info: Parameter "port_scandata" = "PORT_UNUSED"
    Info: Parameter "port_scandataout" = "PORT_UNUSED"
    Info: Parameter "port_scandone" = "PORT_UNUSED"
    Info: Parameter "port_scanread" = "PORT_UNUSED"
    Info: Parameter "port_scanwrite" = "PORT_UNUSED"
    Info: Parameter "port_clk0" = "PORT_USED"
    Info: Parameter "port_clk1" = "PORT_UNUSED"
    Info: Parameter "port_clk2" = "PORT_UNUSED"
    Info: Parameter "port_clk3" = "PORT_UNUSED"
    Info: Parameter "port_clk4" = "PORT_UNUSED"
    Info: Parameter "port_clk5" = "PORT_UNUSED"
    Info: Parameter "port_clkena0" = "PORT_UNUSED"
    Info: Parameter "port_clkena1" = "PORT_UNUSED"
    Info: Parameter "port_clkena2" = "PORT_UNUSED"
    Info: Parameter "port_clkena3" = "PORT_UNUSED"
    Info: Parameter "port_clkena4" = "PORT_UNUSED"
    Info: Parameter "port_clkena5" = "PORT_UNUSED"
    Info: Parameter "port_extclk0" = "PORT_UNUSED"
    Info: Parameter "port_extclk1" = "PORT_UNUSED"
    Info: Parameter "port_extclk2" = "PORT_UNUSED"
    Info: Parameter "port_extclk3" = "PORT_UNUSED"
Info: Elaborating entity "params" for hierarchy "params:p"
Warning (10230): Verilog HDL assignment warning at params.v(13): truncated value with size 32 to match size of target (11)
Warning (10230): Verilog HDL assignment warning at params.v(14): truncated value with size 32 to match size of target (11)
Info: Elaborating entity "renderer" for hierarchy "renderer:r"
Info: Elaborating entity "game_logic" for hierarchy "game_logic:gl"
Warning (10230): Verilog HDL assignment warning at game_logic.v(44): truncated value with size 32 to match size of target (11)
Warning (10230): Verilog HDL assignment warning at game_logic.v(45): truncated value with size 32 to match size of target (11)
Warning (10230): Verilog HDL assignment warning at game_logic.v(54): truncated value with size 32 to match size of target (8)
Warning (10230): Verilog HDL assignment warning at game_logic.v(58): truncated value with size 32 to match size of target (8)
Warning (10230): Verilog HDL assignment warning at game_logic.v(66): truncated value with size 32 to match size of target (11)
Warning (10230): Verilog HDL assignment warning at game_logic.v(67): truncated value with size 32 to match size of target (11)
Info: Elaborating entity "counter" for hierarchy "game_logic:gl|counter:left_position"
Warning (10230): Verilog HDL assignment warning at counter.v(10): truncated value with size 32 to match size of target (11)
Info: Elaborating entity "hex2leds" for hierarchy "hex2leds:h0"
Info: Inferred 2 megafunctions from design logic
    Info: Inferred multiplier megafunction ("lpm_mult") from the following logic: "game_logic:gl|Mult0"
    Info: Inferred multiplier megafunction ("lpm_mult") from the following logic: "game_logic:gl|Mult1"
Info: Elaborated megafunction instantiation "game_logic:gl|lpm_mult:Mult0"
Info: Instantiated megafunction "game_logic:gl|lpm_mult:Mult0" with the following parameter:
    Info: Parameter "LPM_WIDTHA" = "11"
    Info: Parameter "LPM_WIDTHB" = "8"
    Info: Parameter "LPM_WIDTHP" = "19"
    Info: Parameter "LPM_WIDTHR" = "19"
    Info: Parameter "LPM_WIDTHS" = "1"
    Info: Parameter "LPM_REPRESENTATION" = "UNSIGNED"
    Info: Parameter "INPUT_A_IS_CONSTANT" = "NO"
    Info: Parameter "INPUT_B_IS_CONSTANT" = "NO"
    Info: Parameter "MAXIMIZE_SPEED" = "6"
    Info: Parameter "DEDICATED_MULTIPLIER_CIRCUITRY" = "AUTO"
Info: Found 1 design units, including 1 entities, in source file db/mult_qt01.tdf
    Info: Found entity 1: mult_qt01
Warning: 2 hierarchies have connectivity warnings - see the Connectivity Checks report folder
Info: Registers with preset signals will power-up high
Info: DEV_CLRn pin will set, and not reset, register with preset signal due to NOT Gate Push-Back
Warning: Output pins are stuck at VCC or GND
    Warning (13410): Pin "VGA_R[0]" is stuck at GND
    Warning (13410): Pin "VGA_R[1]" is stuck at GND
    Warning (13410): Pin "VGA_R[2]" is stuck at GND
    Warning (13410): Pin "VGA_R[3]" is stuck at GND
    Warning (13410): Pin "VGA_R[4]" is stuck at GND
    Warning (13410): Pin "VGA_R[5]" is stuck at GND
    Warning (13410): Pin "VGA_R[6]" is stuck at GND
    Warning (13410): Pin "VGA_R[7]" is stuck at GND
    Warning (13410): Pin "VGA_R[8]" is stuck at GND
    Warning (13410): Pin "VGA_R[9]" is stuck at GND
    Warning (13410): Pin "VGA_SYNC" is stuck at GND
    Warning (13410): Pin "TD_RESET" is stuck at VCC
Info: Generated suppressed messages file U:/ECAD/Lab 1/new_pong/pong.map.smsg
Warning: Design contains 9 input pin(s) that do not drive logic
    Warning (15610): No output dependent on input pin "SW[8]"
    Warning (15610): No output dependent on input pin "SW[9]"
    Warning (15610): No output dependent on input pin "SW[10]"
    Warning (15610): No output dependent on input pin "SW[11]"
    Warning (15610): No output dependent on input pin "SW[12]"
    Warning (15610): No output dependent on input pin "SW[13]"
    Warning (15610): No output dependent on input pin "SW[14]"
    Warning (15610): No output dependent on input pin "SW[15]"
    Warning (15610): No output dependent on input pin "SW[16]"
Info: Implemented 636 device resources after synthesis - the final resource count might be different
    Info: Implemented 23 input pins
    Info: Implemented 92 output pins
    Info: Implemented 516 logic cells
    Info: Implemented 1 ClockLock PLLs
    Info: Implemented 4 DSP elements
Info: Quartus II Analysis & Synthesis was successful. 0 errors, 34 warnings
    Info: Peak virtual memory: 190 megabytes
    Info: Processing ended: Fri Oct 30 16:32:25 2009
    Info: Elapsed time: 00:00:18
    Info: Total CPU time (on all processors): 00:00:07


+------------------------------------------+
; Analysis & Synthesis Suppressed Messages ;
+------------------------------------------+
The suppressed messages can be found in U:/ECAD/Lab 1/new_pong/pong.map.smsg.


