Analysis & Synthesis report for pong
Fri Oct 16 15:29:00 2009
Quartus II Version 9.0 Build 184 04/29/2009 Service Pack 1 SJ Full Version


---------------------
; Table of Contents ;
---------------------
  1. Legal Notice
  2. Analysis & Synthesis Summary
  3. Analysis & Synthesis Settings
  4. Analysis & Synthesis Source Files Read
  5. Analysis & Synthesis Resource Usage Summary
  6. Analysis & Synthesis Resource Utilization by Entity
  7. Registers Removed During Synthesis
  8. General Register Statistics
  9. Parameter Settings for User Entity Instance: pll108MHz:pll|altpll:altpll_component
 10. altpll Parameter Settings by Entity Instance
 11. Port Connectivity Checks: "params:p"
 12. Analysis & Synthesis Messages



----------------
; Legal Notice ;
----------------
Copyright (C) 1991-2009 Altera Corporation
Your use of Altera Corporation's design tools, logic functions 
and other software and tools, and its AMPP partner logic 
functions, and any output files from any of the foregoing 
(including device programming or simulation files), and any 
associated documentation or information are expressly subject 
to the terms and conditions of the Altera Program License 
Subscription Agreement, Altera MegaCore Function License 
Agreement, or other applicable license agreement, including, 
without limitation, that your use is for the sole purpose of 
programming logic devices manufactured by Altera and sold by 
Altera or its authorized distributors.  Please refer to the 
applicable agreement for further details.



+------------------------------------------------------------------------------------+
; Analysis & Synthesis Summary                                                       ;
+------------------------------------+-----------------------------------------------+
; Analysis & Synthesis Status        ; Successful - Fri Oct 16 15:29:00 2009         ;
; Quartus II Version                 ; 9.0 Build 184 04/29/2009 SP 1 SJ Full Version ;
; Revision Name                      ; pong                                          ;
; Top-level Entity Name              ; pong                                          ;
; Family                             ; Cyclone II                                    ;
; Total logic elements               ; 65                                            ;
;     Total combinational functions  ; 56                                            ;
;     Dedicated logic registers      ; 45                                            ;
; Total registers                    ; 45                                            ;
; Total pins                         ; 115                                           ;
; Total virtual pins                 ; 0                                             ;
; Total memory bits                  ; 0                                             ;
; Embedded Multiplier 9-bit elements ; 0                                             ;
; Total PLLs                         ; 1                                             ;
+------------------------------------+-----------------------------------------------+


+--------------------------------------------------------------------------------------------------------+
; Analysis & Synthesis Settings                                                                          ;
+--------------------------------------------------------------+--------------------+--------------------+
; Option                                                       ; Setting            ; Default Value      ;
+--------------------------------------------------------------+--------------------+--------------------+
; Device                                                       ; EP2C35F672C6       ;                    ;
; Top-level entity name                                        ; pong               ; pong               ;
; Family name                                                  ; Cyclone II         ; Stratix II         ;
; Use Generated Physical Constraints File                      ; Off                ;                    ;
; Use smart compilation                                        ; Off                ; Off                ;
; Restructure Multiplexers                                     ; Auto               ; Auto               ;
; Create Debugging Nodes for IP Cores                          ; Off                ; Off                ;
; Preserve fewer node names                                    ; On                 ; On                 ;
; Disable OpenCore Plus hardware evaluation                    ; Off                ; Off                ;
; Verilog Version                                              ; Verilog_2001       ; Verilog_2001       ;
; VHDL Version                                                 ; VHDL93             ; VHDL93             ;
; State Machine Processing                                     ; Auto               ; Auto               ;
; Safe State Machine                                           ; Off                ; Off                ;
; Extract Verilog State Machines                               ; On                 ; On                 ;
; Extract VHDL State Machines                                  ; On                 ; On                 ;
; Ignore Verilog initial constructs                            ; Off                ; Off                ;
; Iteration limit for constant Verilog loops                   ; 5000               ; 5000               ;
; Iteration limit for non-constant Verilog loops               ; 250                ; 250                ;
; Add Pass-Through Logic to Inferred RAMs                      ; On                 ; On                 ;
; Parallel Synthesis                                           ; Off                ; Off                ;
; DSP Block Balancing                                          ; Auto               ; Auto               ;
; NOT Gate Push-Back                                           ; On                 ; On                 ;
; Power-Up Don't Care                                          ; On                 ; On                 ;
; Remove Redundant Logic Cells                                 ; Off                ; Off                ;
; Remove Duplicate Registers                                   ; On                 ; On                 ;
; Ignore CARRY Buffers                                         ; Off                ; Off                ;
; Ignore CASCADE Buffers                                       ; Off                ; Off                ;
; Ignore GLOBAL Buffers                                        ; Off                ; Off                ;
; Ignore ROW GLOBAL Buffers                                    ; Off                ; Off                ;
; Ignore LCELL Buffers                                         ; Off                ; Off                ;
; Ignore SOFT Buffers                                          ; On                 ; On                 ;
; Limit AHDL Integers to 32 Bits                               ; Off                ; Off                ;
; Optimization Technique                                       ; Balanced           ; Balanced           ;
; Carry Chain Length                                           ; 70                 ; 70                 ;
; Auto Carry Chains                                            ; On                 ; On                 ;
; Auto Open-Drain Pins                                         ; On                 ; On                 ;
; Perform WYSIWYG Primitive Resynthesis                        ; Off                ; Off                ;
; Auto ROM Replacement                                         ; On                 ; On                 ;
; Auto RAM Replacement                                         ; On                 ; On                 ;
; Auto Shift Register Replacement                              ; Auto               ; Auto               ;
; Auto Clock Enable Replacement                                ; On                 ; On                 ;
; Strict RAM Replacement                                       ; Off                ; Off                ;
; Allow Synchronous Control Signals                            ; On                 ; On                 ;
; Force Use of Synchronous Clear Signals                       ; Off                ; Off                ;
; Auto RAM to Logic Cell Conversion                            ; Off                ; Off                ;
; Auto Resource Sharing                                        ; Off                ; Off                ;
; Allow Any RAM Size For Recognition                           ; Off                ; Off                ;
; Allow Any ROM Size For Recognition                           ; Off                ; Off                ;
; Allow Any Shift Register Size For Recognition                ; Off                ; Off                ;
; Use LogicLock Constraints during Resource Balancing          ; On                 ; On                 ;
; Ignore translate_off and synthesis_off directives            ; Off                ; Off                ;
; Timing-Driven Synthesis                                      ; Off                ; Off                ;
; Show Parameter Settings Tables in Synthesis Report           ; On                 ; On                 ;
; Ignore Maximum Fan-Out Assignments                           ; Off                ; Off                ;
; Synchronization Register Chain Length                        ; 2                  ; 2                  ;
; PowerPlay Power Optimization                                 ; Normal compilation ; Normal compilation ;
; HDL message level                                            ; Level2             ; Level2             ;
; Suppress Register Optimization Related Messages              ; Off                ; Off                ;
; Number of Removed Registers Reported in Synthesis Report     ; 100                ; 100                ;
; Number of Inverted Registers Reported in Synthesis Report    ; 100                ; 100                ;
; Clock MUX Protection                                         ; On                 ; On                 ;
; Auto Gated Clock Conversion                                  ; Off                ; Off                ;
; Block Design Naming                                          ; Auto               ; Auto               ;
; SDC constraint protection                                    ; Off                ; Off                ;
; Synthesis Effort                                             ; Auto               ; Auto               ;
; Shift Register Replacement - Allow Asynchronous Clear Signal ; On                 ; On                 ;
; Analysis & Synthesis Message Level                           ; Medium             ; Medium             ;
+--------------------------------------------------------------+--------------------+--------------------+


+---------------------------------------------------------------------------------------------------------------------------------------------------+
; Analysis & Synthesis Source Files Read                                                                                                            ;
+----------------------------------+-----------------+-----------------------------+----------------------------------------------------------------+
; File Name with User-Entered Path ; Used in Netlist ; File Type                   ; File Name with Absolute Path                                   ;
+----------------------------------+-----------------+-----------------------------+----------------------------------------------------------------+
; defines.v                        ; yes             ; User Verilog HDL File       ; U:/ECAD/Lab 1/defines.v                                        ;
; params.v                         ; yes             ; User Verilog HDL File       ; U:/ECAD/Lab 1/params.v                                         ;
; pong.v                           ; yes             ; User Verilog HDL File       ; U:/ECAD/Lab 1/pong.v                                           ;
; renderer.v                       ; yes             ; User Verilog HDL File       ; U:/ECAD/Lab 1/renderer.v                                       ;
; pll108MHz.v                      ; yes             ; User Wizard-Generated File  ; U:/ECAD/Lab 1/pll108MHz.v                                      ;
; altpll.tdf                       ; yes             ; Megafunction                ; y:/quartus90/quartus/libraries/megafunctions/altpll.tdf        ;
; aglobal90.inc                    ; yes             ; Megafunction                ; y:/quartus90/quartus/libraries/megafunctions/aglobal90.inc     ;
; stratix_pll.inc                  ; yes             ; Megafunction                ; y:/quartus90/quartus/libraries/megafunctions/stratix_pll.inc   ;
; stratixii_pll.inc                ; yes             ; Megafunction                ; y:/quartus90/quartus/libraries/megafunctions/stratixii_pll.inc ;
; cycloneii_pll.inc                ; yes             ; Megafunction                ; y:/quartus90/quartus/libraries/megafunctions/cycloneii_pll.inc ;
+----------------------------------+-----------------+-----------------------------+----------------------------------------------------------------+


+-------------------------------------------------------------------------------------------+
; Analysis & Synthesis Resource Usage Summary                                               ;
+---------------------------------------------+---------------------------------------------+
; Resource                                    ; Usage                                       ;
+---------------------------------------------+---------------------------------------------+
; Estimated Total logic elements              ; 65                                          ;
;                                             ;                                             ;
; Total combinational functions               ; 56                                          ;
; Logic element usage by number of LUT inputs ;                                             ;
;     -- 4 input functions                    ; 12                                          ;
;     -- 3 input functions                    ; 7                                           ;
;     -- <=2 input functions                  ; 37                                          ;
;                                             ;                                             ;
; Logic elements by mode                      ;                                             ;
;     -- normal mode                          ; 33                                          ;
;     -- arithmetic mode                      ; 23                                          ;
;                                             ;                                             ;
; Total registers                             ; 45                                          ;
;     -- Dedicated logic registers            ; 45                                          ;
;     -- I/O registers                        ; 0                                           ;
;                                             ;                                             ;
; I/O pins                                    ; 115                                         ;
; Total PLLs                                  ; 1                                           ;
; Maximum fan-out node                        ; pll108MHz:pll|altpll:altpll_component|_clk0 ;
; Maximum fan-out                             ; 46                                          ;
; Total fan-out                               ; 297                                         ;
; Average fan-out                             ; 1.37                                        ;
+---------------------------------------------+---------------------------------------------+


+----------------------------------------------------------------------------------------------------------------------------------------------------------------------------------------------------------+
; Analysis & Synthesis Resource Utilization by Entity                                                                                                                                                      ;
+---------------------------------+-------------------+--------------+-------------+--------------+---------+-----------+------+--------------+---------------------------------------------+--------------+
; Compilation Hierarchy Node      ; LC Combinationals ; LC Registers ; Memory Bits ; DSP Elements ; DSP 9x9 ; DSP 18x18 ; Pins ; Virtual Pins ; Full Hierarchy Name                         ; Library Name ;
+---------------------------------+-------------------+--------------+-------------+--------------+---------+-----------+------+--------------+---------------------------------------------+--------------+
; |pong                           ; 56 (0)            ; 45 (0)       ; 0           ; 0            ; 0       ; 0         ; 115  ; 0            ; |pong                                       ; work         ;
;    |params:p|                   ; 44 (44)           ; 24 (24)      ; 0           ; 0            ; 0       ; 0         ; 0    ; 0            ; |pong|params:p                              ; work         ;
;    |pll108MHz:pll|              ; 0 (0)             ; 0 (0)        ; 0           ; 0            ; 0       ; 0         ; 0    ; 0            ; |pong|pll108MHz:pll                         ; work         ;
;       |altpll:altpll_component| ; 0 (0)             ; 0 (0)        ; 0           ; 0            ; 0       ; 0         ; 0    ; 0            ; |pong|pll108MHz:pll|altpll:altpll_component ; work         ;
;    |renderer:r|                 ; 12 (12)           ; 21 (21)      ; 0           ; 0            ; 0       ; 0         ; 0    ; 0            ; |pong|renderer:r                            ; work         ;
+---------------------------------+-------------------+--------------+-------------+--------------+---------+-----------+------+--------------+---------------------------------------------+--------------+
Note: For table entries with two numbers listed, the numbers in parentheses indicate the number of resources of the given type used by the specific entity alone. The numbers listed outside of parentheses indicate the total resources of the given type used by the specific entity and all of its sub-entities in the hierarchy.


+---------------------------------------------------------------------------------+
; Registers Removed During Synthesis                                              ;
+----------------------------------------+----------------------------------------+
; Register name                          ; Reason for Removal                     ;
+----------------------------------------+----------------------------------------+
; renderer:r|green[0..9]                 ; Stuck at GND due to stuck port data_in ;
; Total Number of Removed Registers = 10 ;                                        ;
+----------------------------------------+----------------------------------------+


+------------------------------------------------------+
; General Register Statistics                          ;
+----------------------------------------------+-------+
; Statistic                                    ; Value ;
+----------------------------------------------+-------+
; Total registers                              ; 45    ;
; Number of registers using Synchronous Clear  ; 22    ;
; Number of registers using Synchronous Load   ; 0     ;
; Number of registers using Asynchronous Clear ; 0     ;
; Number of registers using Asynchronous Load  ; 0     ;
; Number of registers using Clock Enable       ; 31    ;
; Number of registers using Preset             ; 0     ;
+----------------------------------------------+-------+


+------------------------------------------------------------------------------------+
; Parameter Settings for User Entity Instance: pll108MHz:pll|altpll:altpll_component ;
+-------------------------------+-------------------+--------------------------------+
; Parameter Name                ; Value             ; Type                           ;
+-------------------------------+-------------------+--------------------------------+
; OPERATION_MODE                ; NORMAL            ; Untyped                        ;
; PLL_TYPE                      ; AUTO              ; Untyped                        ;
; QUALIFY_CONF_DONE             ; OFF               ; Untyped                        ;
; COMPENSATE_CLOCK              ; CLK0              ; Untyped                        ;
; SCAN_CHAIN                    ; LONG              ; Untyped                        ;
; PRIMARY_CLOCK                 ; INCLK0            ; Untyped                        ;
; INCLK0_INPUT_FREQUENCY        ; 37037             ; Signed Integer                 ;
; INCLK1_INPUT_FREQUENCY        ; 0                 ; Untyped                        ;
; GATE_LOCK_SIGNAL              ; NO                ; Untyped                        ;
; GATE_LOCK_COUNTER             ; 0                 ; Untyped                        ;
; LOCK_HIGH                     ; 1                 ; Untyped                        ;
; LOCK_LOW                      ; 1                 ; Untyped                        ;
; VALID_LOCK_MULTIPLIER         ; 1                 ; Untyped                        ;
; INVALID_LOCK_MULTIPLIER       ; 5                 ; Untyped                        ;
; SWITCH_OVER_ON_LOSSCLK        ; OFF               ; Untyped                        ;
; SWITCH_OVER_ON_GATED_LOCK     ; OFF               ; Untyped                        ;
; ENABLE_SWITCH_OVER_COUNTER    ; OFF               ; Untyped                        ;
; SKIP_VCO                      ; OFF               ; Untyped                        ;
; SWITCH_OVER_COUNTER           ; 0                 ; Untyped                        ;
; SWITCH_OVER_TYPE              ; AUTO              ; Untyped                        ;
; FEEDBACK_SOURCE               ; EXTCLK0           ; Untyped                        ;
; BANDWIDTH                     ; 0                 ; Untyped                        ;
; BANDWIDTH_TYPE                ; AUTO              ; Untyped                        ;
; SPREAD_FREQUENCY              ; 0                 ; Untyped                        ;
; DOWN_SPREAD                   ; 0                 ; Untyped                        ;
; SELF_RESET_ON_GATED_LOSS_LOCK ; OFF               ; Untyped                        ;
; SELF_RESET_ON_LOSS_LOCK       ; OFF               ; Untyped                        ;
; CLK9_MULTIPLY_BY              ; 0                 ; Untyped                        ;
; CLK8_MULTIPLY_BY              ; 0                 ; Untyped                        ;
; CLK7_MULTIPLY_BY              ; 0                 ; Untyped                        ;
; CLK6_MULTIPLY_BY              ; 0                 ; Untyped                        ;
; CLK5_MULTIPLY_BY              ; 1                 ; Untyped                        ;
; CLK4_MULTIPLY_BY              ; 1                 ; Untyped                        ;
; CLK3_MULTIPLY_BY              ; 1                 ; Untyped                        ;
; CLK2_MULTIPLY_BY              ; 1                 ; Untyped                        ;
; CLK1_MULTIPLY_BY              ; 1                 ; Untyped                        ;
; CLK0_MULTIPLY_BY              ; 4                 ; Signed Integer                 ;
; CLK9_DIVIDE_BY                ; 0                 ; Untyped                        ;
; CLK8_DIVIDE_BY                ; 0                 ; Untyped                        ;
; CLK7_DIVIDE_BY                ; 0                 ; Untyped                        ;
; CLK6_DIVIDE_BY                ; 0                 ; Untyped                        ;
; CLK5_DIVIDE_BY                ; 1                 ; Untyped                        ;
; CLK4_DIVIDE_BY                ; 1                 ; Untyped                        ;
; CLK3_DIVIDE_BY                ; 1                 ; Untyped                        ;
; CLK2_DIVIDE_BY                ; 1                 ; Untyped                        ;
; CLK1_DIVIDE_BY                ; 1                 ; Untyped                        ;
; CLK0_DIVIDE_BY                ; 1                 ; Signed Integer                 ;
; CLK9_PHASE_SHIFT              ; 0                 ; Untyped                        ;
; CLK8_PHASE_SHIFT              ; 0                 ; Untyped                        ;
; CLK7_PHASE_SHIFT              ; 0                 ; Untyped                        ;
; CLK6_PHASE_SHIFT              ; 0                 ; Untyped                        ;
; CLK5_PHASE_SHIFT              ; 0                 ; Untyped                        ;
; CLK4_PHASE_SHIFT              ; 0                 ; Untyped                        ;
; CLK3_PHASE_SHIFT              ; 0                 ; Untyped                        ;
; CLK2_PHASE_SHIFT              ; 0                 ; Untyped                        ;
; CLK1_PHASE_SHIFT              ; 0                 ; Untyped                        ;
; CLK0_PHASE_SHIFT              ; 0                 ; Untyped                        ;
; CLK5_TIME_DELAY               ; 0                 ; Untyped                        ;
; CLK4_TIME_DELAY               ; 0                 ; Untyped                        ;
; CLK3_TIME_DELAY               ; 0                 ; Untyped                        ;
; CLK2_TIME_DELAY               ; 0                 ; Untyped                        ;
; CLK1_TIME_DELAY               ; 0                 ; Untyped                        ;
; CLK0_TIME_DELAY               ; 0                 ; Untyped                        ;
; CLK9_DUTY_CYCLE               ; 50                ; Untyped                        ;
; CLK8_DUTY_CYCLE               ; 50                ; Untyped                        ;
; CLK7_DUTY_CYCLE               ; 50                ; Untyped                        ;
; CLK6_DUTY_CYCLE               ; 50                ; Untyped                        ;
; CLK5_DUTY_CYCLE               ; 50                ; Untyped                        ;
; CLK4_DUTY_CYCLE               ; 50                ; Untyped                        ;
; CLK3_DUTY_CYCLE               ; 50                ; Untyped                        ;
; CLK2_DUTY_CYCLE               ; 50                ; Untyped                        ;
; CLK1_DUTY_CYCLE               ; 50                ; Untyped                        ;
; CLK0_DUTY_CYCLE               ; 50                ; Signed Integer                 ;
; CLK9_USE_EVEN_COUNTER_MODE    ; OFF               ; Untyped                        ;
; CLK8_USE_EVEN_COUNTER_MODE    ; OFF               ; Untyped                        ;
; CLK7_USE_EVEN_COUNTER_MODE    ; OFF               ; Untyped                        ;
; CLK6_USE_EVEN_COUNTER_MODE    ; OFF               ; Untyped                        ;
; CLK5_USE_EVEN_COUNTER_MODE    ; OFF               ; Untyped                        ;
; CLK4_USE_EVEN_COUNTER_MODE    ; OFF               ; Untyped                        ;
; CLK3_USE_EVEN_COUNTER_MODE    ; OFF               ; Untyped                        ;
; CLK2_USE_EVEN_COUNTER_MODE    ; OFF               ; Untyped                        ;
; CLK1_USE_EVEN_COUNTER_MODE    ; OFF               ; Untyped                        ;
; CLK0_USE_EVEN_COUNTER_MODE    ; OFF               ; Untyped                        ;
; CLK9_USE_EVEN_COUNTER_VALUE   ; OFF               ; Untyped                        ;
; CLK8_USE_EVEN_COUNTER_VALUE   ; OFF               ; Untyped                        ;
; CLK7_USE_EVEN_COUNTER_VALUE   ; OFF               ; Untyped                        ;
; CLK6_USE_EVEN_COUNTER_VALUE   ; OFF               ; Untyped                        ;
; CLK5_USE_EVEN_COUNTER_VALUE   ; OFF               ; Untyped                        ;
; CLK4_USE_EVEN_COUNTER_VALUE   ; OFF               ; Untyped                        ;
; CLK3_USE_EVEN_COUNTER_VALUE   ; OFF               ; Untyped                        ;
; CLK2_USE_EVEN_COUNTER_VALUE   ; OFF               ; Untyped                        ;
; CLK1_USE_EVEN_COUNTER_VALUE   ; OFF               ; Untyped                        ;
; CLK0_USE_EVEN_COUNTER_VALUE   ; OFF               ; Untyped                        ;
; LOCK_WINDOW_UI                ;  0.05             ; Untyped                        ;
; LOCK_WINDOW_UI_BITS           ; UNUSED            ; Untyped                        ;
; VCO_RANGE_DETECTOR_LOW_BITS   ; UNUSED            ; Untyped                        ;
; VCO_RANGE_DETECTOR_HIGH_BITS  ; UNUSED            ; Untyped                        ;
; DPA_MULTIPLY_BY               ; 0                 ; Untyped                        ;
; DPA_DIVIDE_BY                 ; 1                 ; Untyped                        ;
; DPA_DIVIDER                   ; 0                 ; Untyped                        ;
; EXTCLK3_MULTIPLY_BY           ; 1                 ; Untyped                        ;
; EXTCLK2_MULTIPLY_BY           ; 1                 ; Untyped                        ;
; EXTCLK1_MULTIPLY_BY           ; 1                 ; Untyped                        ;
; EXTCLK0_MULTIPLY_BY           ; 1                 ; Untyped                        ;
; EXTCLK3_DIVIDE_BY             ; 1                 ; Untyped                        ;
; EXTCLK2_DIVIDE_BY             ; 1                 ; Untyped                        ;
; EXTCLK1_DIVIDE_BY             ; 1                 ; Untyped                        ;
; EXTCLK0_DIVIDE_BY             ; 1                 ; Untyped                        ;
; EXTCLK3_PHASE_SHIFT           ; 0                 ; Untyped                        ;
; EXTCLK2_PHASE_SHIFT           ; 0                 ; Untyped                        ;
; EXTCLK1_PHASE_SHIFT           ; 0                 ; Untyped                        ;
; EXTCLK0_PHASE_SHIFT           ; 0                 ; Untyped                        ;
; EXTCLK3_TIME_DELAY            ; 0                 ; Untyped                        ;
; EXTCLK2_TIME_DELAY            ; 0                 ; Untyped                        ;
; EXTCLK1_TIME_DELAY            ; 0                 ; Untyped                        ;
; EXTCLK0_TIME_DELAY            ; 0                 ; Untyped                        ;
; EXTCLK3_DUTY_CYCLE            ; 50                ; Untyped                        ;
; EXTCLK2_DUTY_CYCLE            ; 50                ; Untyped                        ;
; EXTCLK1_DUTY_CYCLE            ; 50                ; Untyped                        ;
; EXTCLK0_DUTY_CYCLE            ; 50                ; Untyped                        ;
; VCO_MULTIPLY_BY               ; 0                 ; Untyped                        ;
; VCO_DIVIDE_BY                 ; 0                 ; Untyped                        ;
; SCLKOUT0_PHASE_SHIFT          ; 0                 ; Untyped                        ;
; SCLKOUT1_PHASE_SHIFT          ; 0                 ; Untyped                        ;
; VCO_MIN                       ; 0                 ; Untyped                        ;
; VCO_MAX                       ; 0                 ; Untyped                        ;
; VCO_CENTER                    ; 0                 ; Untyped                        ;
; PFD_MIN                       ; 0                 ; Untyped                        ;
; PFD_MAX                       ; 0                 ; Untyped                        ;
; M_INITIAL                     ; 0                 ; Untyped                        ;
; M                             ; 0                 ; Untyped                        ;
; N                             ; 1                 ; Untyped                        ;
; M2                            ; 1                 ; Untyped                        ;
; N2                            ; 1                 ; Untyped                        ;
; SS                            ; 1                 ; Untyped                        ;
; C0_HIGH                       ; 0                 ; Untyped                        ;
; C1_HIGH                       ; 0                 ; Untyped                        ;
; C2_HIGH                       ; 0                 ; Untyped                        ;
; C3_HIGH                       ; 0                 ; Untyped                        ;
; C4_HIGH                       ; 0                 ; Untyped                        ;
; C5_HIGH                       ; 0                 ; Untyped                        ;
; C6_HIGH                       ; 0                 ; Untyped                        ;
; C7_HIGH                       ; 0                 ; Untyped                        ;
; C8_HIGH                       ; 0                 ; Untyped                        ;
; C9_HIGH                       ; 0                 ; Untyped                        ;
; C0_LOW                        ; 0                 ; Untyped                        ;
; C1_LOW                        ; 0                 ; Untyped                        ;
; C2_LOW                        ; 0                 ; Untyped                        ;
; C3_LOW                        ; 0                 ; Untyped                        ;
; C4_LOW                        ; 0                 ; Untyped                        ;
; C5_LOW                        ; 0                 ; Untyped                        ;
; C6_LOW                        ; 0                 ; Untyped                        ;
; C7_LOW                        ; 0                 ; Untyped                        ;
; C8_LOW                        ; 0                 ; Untyped                        ;
; C9_LOW                        ; 0                 ; Untyped                        ;
; C0_INITIAL                    ; 0                 ; Untyped                        ;
; C1_INITIAL                    ; 0                 ; Untyped                        ;
; C2_INITIAL                    ; 0                 ; Untyped                        ;
; C3_INITIAL                    ; 0                 ; Untyped                        ;
; C4_INITIAL                    ; 0                 ; Untyped                        ;
; C5_INITIAL                    ; 0                 ; Untyped                        ;
; C6_INITIAL                    ; 0                 ; Untyped                        ;
; C7_INITIAL                    ; 0                 ; Untyped                        ;
; C8_INITIAL                    ; 0                 ; Untyped                        ;
; C9_INITIAL                    ; 0                 ; Untyped                        ;
; C0_MODE                       ; BYPASS            ; Untyped                        ;
; C1_MODE                       ; BYPASS            ; Untyped                        ;
; C2_MODE                       ; BYPASS            ; Untyped                        ;
; C3_MODE                       ; BYPASS            ; Untyped                        ;
; C4_MODE                       ; BYPASS            ; Untyped                        ;
; C5_MODE                       ; BYPASS            ; Untyped                        ;
; C6_MODE                       ; BYPASS            ; Untyped                        ;
; C7_MODE                       ; BYPASS            ; Untyped                        ;
; C8_MODE                       ; BYPASS            ; Untyped                        ;
; C9_MODE                       ; BYPASS            ; Untyped                        ;
; C0_PH                         ; 0                 ; Untyped                        ;
; C1_PH                         ; 0                 ; Untyped                        ;
; C2_PH                         ; 0                 ; Untyped                        ;
; C3_PH                         ; 0                 ; Untyped                        ;
; C4_PH                         ; 0                 ; Untyped                        ;
; C5_PH                         ; 0                 ; Untyped                        ;
; C6_PH                         ; 0                 ; Untyped                        ;
; C7_PH                         ; 0                 ; Untyped                        ;
; C8_PH                         ; 0                 ; Untyped                        ;
; C9_PH                         ; 0                 ; Untyped                        ;
; L0_HIGH                       ; 1                 ; Untyped                        ;
; L1_HIGH                       ; 1                 ; Untyped                        ;
; G0_HIGH                       ; 1                 ; Untyped                        ;
; G1_HIGH                       ; 1                 ; Untyped                        ;
; G2_HIGH                       ; 1                 ; Untyped                        ;
; G3_HIGH                       ; 1                 ; Untyped                        ;
; E0_HIGH                       ; 1                 ; Untyped                        ;
; E1_HIGH                       ; 1                 ; Untyped                        ;
; E2_HIGH                       ; 1                 ; Untyped                        ;
; E3_HIGH                       ; 1                 ; Untyped                        ;
; L0_LOW                        ; 1                 ; Untyped                        ;
; L1_LOW                        ; 1                 ; Untyped                        ;
; G0_LOW                        ; 1                 ; Untyped                        ;
; G1_LOW                        ; 1                 ; Untyped                        ;
; G2_LOW                        ; 1                 ; Untyped                        ;
; G3_LOW                        ; 1                 ; Untyped                        ;
; E0_LOW                        ; 1                 ; Untyped                        ;
; E1_LOW                        ; 1                 ; Untyped                        ;
; E2_LOW                        ; 1                 ; Untyped                        ;
; E3_LOW                        ; 1                 ; Untyped                        ;
; L0_INITIAL                    ; 1                 ; Untyped                        ;
; L1_INITIAL                    ; 1                 ; Untyped                        ;
; G0_INITIAL                    ; 1                 ; Untyped                        ;
; G1_INITIAL                    ; 1                 ; Untyped                        ;
; G2_INITIAL                    ; 1                 ; Untyped                        ;
; G3_INITIAL                    ; 1                 ; Untyped                        ;
; E0_INITIAL                    ; 1                 ; Untyped                        ;
; E1_INITIAL                    ; 1                 ; Untyped                        ;
; E2_INITIAL                    ; 1                 ; Untyped                        ;
; E3_INITIAL                    ; 1                 ; Untyped                        ;
; L0_MODE                       ; BYPASS            ; Untyped                        ;
; L1_MODE                       ; BYPASS            ; Untyped                        ;
; G0_MODE                       ; BYPASS            ; Untyped                        ;
; G1_MODE                       ; BYPASS            ; Untyped                        ;
; G2_MODE                       ; BYPASS            ; Untyped                        ;
; G3_MODE                       ; BYPASS            ; Untyped                        ;
; E0_MODE                       ; BYPASS            ; Untyped                        ;
; E1_MODE                       ; BYPASS            ; Untyped                        ;
; E2_MODE                       ; BYPASS            ; Untyped                        ;
; E3_MODE                       ; BYPASS            ; Untyped                        ;
; L0_PH                         ; 0                 ; Untyped                        ;
; L1_PH                         ; 0                 ; Untyped                        ;
; G0_PH                         ; 0                 ; Untyped                        ;
; G1_PH                         ; 0                 ; Untyped                        ;
; G2_PH                         ; 0                 ; Untyped                        ;
; G3_PH                         ; 0                 ; Untyped                        ;
; E0_PH                         ; 0                 ; Untyped                        ;
; E1_PH                         ; 0                 ; Untyped                        ;
; E2_PH                         ; 0                 ; Untyped                        ;
; E3_PH                         ; 0                 ; Untyped                        ;
; M_PH                          ; 0                 ; Untyped                        ;
; C1_USE_CASC_IN                ; OFF               ; Untyped                        ;
; C2_USE_CASC_IN                ; OFF               ; Untyped                        ;
; C3_USE_CASC_IN                ; OFF               ; Untyped                        ;
; C4_USE_CASC_IN                ; OFF               ; Untyped                        ;
; C5_USE_CASC_IN                ; OFF               ; Untyped                        ;
; C6_USE_CASC_IN                ; OFF               ; Untyped                        ;
; C7_USE_CASC_IN                ; OFF               ; Untyped                        ;
; C8_USE_CASC_IN                ; OFF               ; Untyped                        ;
; C9_USE_CASC_IN                ; OFF               ; Untyped                        ;
; CLK0_COUNTER                  ; G0                ; Untyped                        ;
; CLK1_COUNTER                  ; G0                ; Untyped                        ;
; CLK2_COUNTER                  ; G0                ; Untyped                        ;
; CLK3_COUNTER                  ; G0                ; Untyped                        ;
; CLK4_COUNTER                  ; G0                ; Untyped                        ;
; CLK5_COUNTER                  ; G0                ; Untyped                        ;
; CLK6_COUNTER                  ; E0                ; Untyped                        ;
; CLK7_COUNTER                  ; E1                ; Untyped                        ;
; CLK8_COUNTER                  ; E2                ; Untyped                        ;
; CLK9_COUNTER                  ; E3                ; Untyped                        ;
; L0_TIME_DELAY                 ; 0                 ; Untyped                        ;
; L1_TIME_DELAY                 ; 0                 ; Untyped                        ;
; G0_TIME_DELAY                 ; 0                 ; Untyped                        ;
; G1_TIME_DELAY                 ; 0                 ; Untyped                        ;
; G2_TIME_DELAY                 ; 0                 ; Untyped                        ;
; G3_TIME_DELAY                 ; 0                 ; Untyped                        ;
; E0_TIME_DELAY                 ; 0                 ; Untyped                        ;
; E1_TIME_DELAY                 ; 0                 ; Untyped                        ;
; E2_TIME_DELAY                 ; 0                 ; Untyped                        ;
; E3_TIME_DELAY                 ; 0                 ; Untyped                        ;
; M_TIME_DELAY                  ; 0                 ; Untyped                        ;
; N_TIME_DELAY                  ; 0                 ; Untyped                        ;
; EXTCLK3_COUNTER               ; E3                ; Untyped                        ;
; EXTCLK2_COUNTER               ; E2                ; Untyped                        ;
; EXTCLK1_COUNTER               ; E1                ; Untyped                        ;
; EXTCLK0_COUNTER               ; E0                ; Untyped                        ;
; ENABLE0_COUNTER               ; L0                ; Untyped                        ;
; ENABLE1_COUNTER               ; L0                ; Untyped                        ;
; CHARGE_PUMP_CURRENT           ; 2                 ; Untyped                        ;
; LOOP_FILTER_R                 ;  1.000000         ; Untyped                        ;
; LOOP_FILTER_C                 ; 5                 ; Untyped                        ;
; CHARGE_PUMP_CURRENT_BITS      ; 9999              ; Untyped                        ;
; LOOP_FILTER_R_BITS            ; 9999              ; Untyped                        ;
; LOOP_FILTER_C_BITS            ; 9999              ; Untyped                        ;
; VCO_POST_SCALE                ; 0                 ; Untyped                        ;
; CLK2_OUTPUT_FREQUENCY         ; 0                 ; Untyped                        ;
; CLK1_OUTPUT_FREQUENCY         ; 0                 ; Untyped                        ;
; CLK0_OUTPUT_FREQUENCY         ; 0                 ; Untyped                        ;
; INTENDED_DEVICE_FAMILY        ; Cyclone II        ; Untyped                        ;
; PORT_CLKENA0                  ; PORT_UNUSED       ; Untyped                        ;
; PORT_CLKENA1                  ; PORT_UNUSED       ; Untyped                        ;
; PORT_CLKENA2                  ; PORT_UNUSED       ; Untyped                        ;
; PORT_CLKENA3                  ; PORT_UNUSED       ; Untyped                        ;
; PORT_CLKENA4                  ; PORT_UNUSED       ; Untyped                        ;
; PORT_CLKENA5                  ; PORT_UNUSED       ; Untyped                        ;
; PORT_EXTCLKENA0               ; PORT_CONNECTIVITY ; Untyped                        ;
; PORT_EXTCLKENA1               ; PORT_CONNECTIVITY ; Untyped                        ;
; PORT_EXTCLKENA2               ; PORT_CONNECTIVITY ; Untyped                        ;
; PORT_EXTCLKENA3               ; PORT_CONNECTIVITY ; Untyped                        ;
; PORT_EXTCLK0                  ; PORT_UNUSED       ; Untyped                        ;
; PORT_EXTCLK1                  ; PORT_UNUSED       ; Untyped                        ;
; PORT_EXTCLK2                  ; PORT_UNUSED       ; Untyped                        ;
; PORT_EXTCLK3                  ; PORT_UNUSED       ; Untyped                        ;
; PORT_CLKBAD0                  ; PORT_UNUSED       ; Untyped                        ;
; PORT_CLKBAD1                  ; PORT_UNUSED       ; Untyped                        ;
; PORT_CLK0                     ; PORT_USED         ; Untyped                        ;
; PORT_CLK1                     ; PORT_UNUSED       ; Untyped                        ;
; PORT_CLK2                     ; PORT_UNUSED       ; Untyped                        ;
; PORT_CLK3                     ; PORT_UNUSED       ; Untyped                        ;
; PORT_CLK4                     ; PORT_UNUSED       ; Untyped                        ;
; PORT_CLK5                     ; PORT_UNUSED       ; Untyped                        ;
; PORT_CLK6                     ; PORT_UNUSED       ; Untyped                        ;
; PORT_CLK7                     ; PORT_UNUSED       ; Untyped                        ;
; PORT_CLK8                     ; PORT_UNUSED       ; Untyped                        ;
; PORT_CLK9                     ; PORT_UNUSED       ; Untyped                        ;
; PORT_SCANDATA                 ; PORT_UNUSED       ; Untyped                        ;
; PORT_SCANDATAOUT              ; PORT_UNUSED       ; Untyped                        ;
; PORT_SCANDONE                 ; PORT_UNUSED       ; Untyped                        ;
; PORT_SCLKOUT1                 ; PORT_CONNECTIVITY ; Untyped                        ;
; PORT_SCLKOUT0                 ; PORT_CONNECTIVITY ; Untyped                        ;
; PORT_ACTIVECLOCK              ; PORT_UNUSED       ; Untyped                        ;
; PORT_CLKLOSS                  ; PORT_UNUSED       ; Untyped                        ;
; PORT_INCLK1                   ; PORT_UNUSED       ; Untyped                        ;
; PORT_INCLK0                   ; PORT_USED         ; Untyped                        ;
; PORT_FBIN                     ; PORT_UNUSED       ; Untyped                        ;
; PORT_PLLENA                   ; PORT_UNUSED       ; Untyped                        ;
; PORT_CLKSWITCH                ; PORT_UNUSED       ; Untyped                        ;
; PORT_ARESET                   ; PORT_UNUSED       ; Untyped                        ;
; PORT_PFDENA                   ; PORT_UNUSED       ; Untyped                        ;
; PORT_SCANCLK                  ; PORT_UNUSED       ; Untyped                        ;
; PORT_SCANACLR                 ; PORT_UNUSED       ; Untyped                        ;
; PORT_SCANREAD                 ; PORT_UNUSED       ; Untyped                        ;
; PORT_SCANWRITE                ; PORT_UNUSED       ; Untyped                        ;
; PORT_ENABLE0                  ; PORT_CONNECTIVITY ; Untyped                        ;
; PORT_ENABLE1                  ; PORT_CONNECTIVITY ; Untyped                        ;
; PORT_LOCKED                   ; PORT_UNUSED       ; Untyped                        ;
; PORT_CONFIGUPDATE             ; PORT_UNUSED       ; Untyped                        ;
; PORT_FBOUT                    ; PORT_CONNECTIVITY ; Untyped                        ;
; PORT_PHASEDONE                ; PORT_UNUSED       ; Untyped                        ;
; PORT_PHASESTEP                ; PORT_UNUSED       ; Untyped                        ;
; PORT_PHASEUPDOWN              ; PORT_UNUSED       ; Untyped                        ;
; PORT_SCANCLKENA               ; PORT_UNUSED       ; Untyped                        ;
; PORT_PHASECOUNTERSELECT       ; PORT_UNUSED       ; Untyped                        ;
; PORT_VCOOVERRANGE             ; PORT_CONNECTIVITY ; Untyped                        ;
; PORT_VCOUNDERRANGE            ; PORT_CONNECTIVITY ; Untyped                        ;
; M_TEST_SOURCE                 ; 5                 ; Untyped                        ;
; C0_TEST_SOURCE                ; 5                 ; Untyped                        ;
; C1_TEST_SOURCE                ; 5                 ; Untyped                        ;
; C2_TEST_SOURCE                ; 5                 ; Untyped                        ;
; C3_TEST_SOURCE                ; 5                 ; Untyped                        ;
; C4_TEST_SOURCE                ; 5                 ; Untyped                        ;
; C5_TEST_SOURCE                ; 5                 ; Untyped                        ;
; C6_TEST_SOURCE                ; 5                 ; Untyped                        ;
; C7_TEST_SOURCE                ; 5                 ; Untyped                        ;
; C8_TEST_SOURCE                ; 5                 ; Untyped                        ;
; C9_TEST_SOURCE                ; 5                 ; Untyped                        ;
; CBXI_PARAMETER                ; NOTHING           ; Untyped                        ;
; VCO_FREQUENCY_CONTROL         ; AUTO              ; Untyped                        ;
; VCO_PHASE_SHIFT_STEP          ; 0                 ; Untyped                        ;
; WIDTH_CLOCK                   ; 6                 ; Untyped                        ;
; WIDTH_PHASECOUNTERSELECT      ; 4                 ; Untyped                        ;
; USING_FBMIMICBIDIR_PORT       ; OFF               ; Untyped                        ;
; DEVICE_FAMILY                 ; Cyclone II        ; Untyped                        ;
; SCAN_CHAIN_MIF_FILE           ; UNUSED            ; Untyped                        ;
; SIM_GATE_LOCK_DEVICE_BEHAVIOR ; OFF               ; Untyped                        ;
; AUTO_CARRY_CHAINS             ; ON                ; AUTO_CARRY                     ;
; IGNORE_CARRY_BUFFERS          ; OFF               ; IGNORE_CARRY                   ;
; AUTO_CASCADE_CHAINS           ; ON                ; AUTO_CASCADE                   ;
; IGNORE_CASCADE_BUFFERS        ; OFF               ; IGNORE_CASCADE                 ;
+-------------------------------+-------------------+--------------------------------+
Note: In order to hide this table in the UI and the text report file, please set the "Show Parameter Settings Tables in Synthesis Report" option in "Analysis and Synthesis Settings -> More Settings" to "Off".


+-----------------------------------------------------------------------+
; altpll Parameter Settings by Entity Instance                          ;
+-------------------------------+---------------------------------------+
; Name                          ; Value                                 ;
+-------------------------------+---------------------------------------+
; Number of entity instances    ; 1                                     ;
; Entity Instance               ; pll108MHz:pll|altpll:altpll_component ;
;     -- OPERATION_MODE         ; NORMAL                                ;
;     -- PLL_TYPE               ; AUTO                                  ;
;     -- PRIMARY_CLOCK          ; INCLK0                                ;
;     -- INCLK0_INPUT_FREQUENCY ; 37037                                 ;
;     -- INCLK1_INPUT_FREQUENCY ; 0                                     ;
;     -- VCO_MULTIPLY_BY        ; 0                                     ;
;     -- VCO_DIVIDE_BY          ; 0                                     ;
+-------------------------------+---------------------------------------+


+--------------------------------------------------------------------------------------------------------------------------+
; Port Connectivity Checks: "params:p"                                                                                     ;
+----------------+--------+----------+-------------------------------------------------------------------------------------+
; Port           ; Type   ; Severity ; Details                                                                             ;
+----------------+--------+----------+-------------------------------------------------------------------------------------+
; start_of_frame ; Output ; Info     ; Connected to dangling logic. Logic that only feeds a dangling port will be removed. ;
+----------------+--------+----------+-------------------------------------------------------------------------------------+


+-------------------------------+
; Analysis & Synthesis Messages ;
+-------------------------------+
Info: *******************************************************************
Info: Running Quartus II Analysis & Synthesis
    Info: Version 9.0 Build 184 04/29/2009 Service Pack 1 SJ Full Version
    Info: Processing started: Fri Oct 16 15:28:48 2009
Info: Command: quartus_map --read_settings_files=on --write_settings_files=off chequers -c pong
Info: Found 0 design units, including 0 entities, in source file defines.v
Info: Found 1 design units, including 1 entities, in source file params.v
    Info: Found entity 1: params
Info: Found 1 design units, including 1 entities, in source file pong.v
    Info: Found entity 1: pong
Info: Found 1 design units, including 1 entities, in source file renderer.v
    Info: Found entity 1: renderer
Info: Found 1 design units, including 1 entities, in source file pll108MHz.v
    Info: Found entity 1: pll108MHz
Info: Elaborating entity "pong" for the top level hierarchy
Warning (10034): Output port "HEX0[6]" at pong.v(16) has no driver
Warning (10034): Output port "HEX0[5]" at pong.v(16) has no driver
Warning (10034): Output port "HEX0[4]" at pong.v(16) has no driver
Warning (10034): Output port "HEX0[3]" at pong.v(16) has no driver
Warning (10034): Output port "HEX0[2]" at pong.v(16) has no driver
Warning (10034): Output port "HEX0[1]" at pong.v(16) has no driver
Warning (10034): Output port "HEX0[0]" at pong.v(16) has no driver
Warning (10034): Output port "HEX1[6]" at pong.v(17) has no driver
Warning (10034): Output port "HEX1[5]" at pong.v(17) has no driver
Warning (10034): Output port "HEX1[4]" at pong.v(17) has no driver
Warning (10034): Output port "HEX1[3]" at pong.v(17) has no driver
Warning (10034): Output port "HEX1[2]" at pong.v(17) has no driver
Warning (10034): Output port "HEX1[1]" at pong.v(17) has no driver
Warning (10034): Output port "HEX1[0]" at pong.v(17) has no driver
Warning (10034): Output port "HEX2[6]" at pong.v(18) has no driver
Warning (10034): Output port "HEX2[5]" at pong.v(18) has no driver
Warning (10034): Output port "HEX2[4]" at pong.v(18) has no driver
Warning (10034): Output port "HEX2[3]" at pong.v(18) has no driver
Warning (10034): Output port "HEX2[2]" at pong.v(18) has no driver
Warning (10034): Output port "HEX2[1]" at pong.v(18) has no driver
Warning (10034): Output port "HEX2[0]" at pong.v(18) has no driver
Warning (10034): Output port "HEX3[6]" at pong.v(19) has no driver
Warning (10034): Output port "HEX3[5]" at pong.v(19) has no driver
Warning (10034): Output port "HEX3[4]" at pong.v(19) has no driver
Warning (10034): Output port "HEX3[3]" at pong.v(19) has no driver
Warning (10034): Output port "HEX3[2]" at pong.v(19) has no driver
Warning (10034): Output port "HEX3[1]" at pong.v(19) has no driver
Warning (10034): Output port "HEX3[0]" at pong.v(19) has no driver
Warning (10034): Output port "HEX4[6]" at pong.v(20) has no driver
Warning (10034): Output port "HEX4[5]" at pong.v(20) has no driver
Warning (10034): Output port "HEX4[4]" at pong.v(20) has no driver
Warning (10034): Output port "HEX4[3]" at pong.v(20) has no driver
Warning (10034): Output port "HEX4[2]" at pong.v(20) has no driver
Warning (10034): Output port "HEX4[1]" at pong.v(20) has no driver
Warning (10034): Output port "HEX4[0]" at pong.v(20) has no driver
Warning (10034): Output port "HEX5[6]" at pong.v(21) has no driver
Warning (10034): Output port "HEX5[5]" at pong.v(21) has no driver
Warning (10034): Output port "HEX5[4]" at pong.v(21) has no driver
Warning (10034): Output port "HEX5[3]" at pong.v(21) has no driver
Warning (10034): Output port "HEX5[2]" at pong.v(21) has no driver
Warning (10034): Output port "HEX5[1]" at pong.v(21) has no driver
Warning (10034): Output port "HEX5[0]" at pong.v(21) has no driver
Warning (10034): Output port "HEX6[6]" at pong.v(22) has no driver
Warning (10034): Output port "HEX6[5]" at pong.v(22) has no driver
Warning (10034): Output port "HEX6[4]" at pong.v(22) has no driver
Warning (10034): Output port "HEX6[3]" at pong.v(22) has no driver
Warning (10034): Output port "HEX6[2]" at pong.v(22) has no driver
Warning (10034): Output port "HEX6[1]" at pong.v(22) has no driver
Warning (10034): Output port "HEX6[0]" at pong.v(22) has no driver
Warning (10034): Output port "HEX7[6]" at pong.v(24) has no driver
Warning (10034): Output port "HEX7[5]" at pong.v(24) has no driver
Warning (10034): Output port "HEX7[4]" at pong.v(24) has no driver
Warning (10034): Output port "HEX7[3]" at pong.v(24) has no driver
Warning (10034): Output port "HEX7[2]" at pong.v(24) has no driver
Warning (10034): Output port "HEX7[1]" at pong.v(24) has no driver
Warning (10034): Output port "HEX7[0]" at pong.v(24) has no driver
Info: Elaborating entity "pll108MHz" for hierarchy "pll108MHz:pll"
Info: Elaborating entity "altpll" for hierarchy "pll108MHz:pll|altpll:altpll_component"
Info: Elaborated megafunction instantiation "pll108MHz:pll|altpll:altpll_component"
Info: Instantiated megafunction "pll108MHz:pll|altpll:altpll_component" with the following parameter:
    Info: Parameter "clk0_divide_by" = "1"
    Info: Parameter "clk0_duty_cycle" = "50"
    Info: Parameter "clk0_multiply_by" = "4"
    Info: Parameter "clk0_phase_shift" = "0"
    Info: Parameter "compensate_clock" = "CLK0"
    Info: Parameter "inclk0_input_frequency" = "37037"
    Info: Parameter "intended_device_family" = "Cyclone II"
    Info: Parameter "lpm_hint" = "CBX_MODULE_PREFIX=pll108MHz"
    Info: Parameter "lpm_type" = "altpll"
    Info: Parameter "operation_mode" = "NORMAL"
    Info: Parameter "port_activeclock" = "PORT_UNUSED"
    Info: Parameter "port_areset" = "PORT_UNUSED"
    Info: Parameter "port_clkbad0" = "PORT_UNUSED"
    Info: Parameter "port_clkbad1" = "PORT_UNUSED"
    Info: Parameter "port_clkloss" = "PORT_UNUSED"
    Info: Parameter "port_clkswitch" = "PORT_UNUSED"
    Info: Parameter "port_configupdate" = "PORT_UNUSED"
    Info: Parameter "port_fbin" = "PORT_UNUSED"
    Info: Parameter "port_inclk0" = "PORT_USED"
    Info: Parameter "port_inclk1" = "PORT_UNUSED"
    Info: Parameter "port_locked" = "PORT_UNUSED"
    Info: Parameter "port_pfdena" = "PORT_UNUSED"
    Info: Parameter "port_phasecounterselect" = "PORT_UNUSED"
    Info: Parameter "port_phasedone" = "PORT_UNUSED"
    Info: Parameter "port_phasestep" = "PORT_UNUSED"
    Info: Parameter "port_phaseupdown" = "PORT_UNUSED"
    Info: Parameter "port_pllena" = "PORT_UNUSED"
    Info: Parameter "port_scanaclr" = "PORT_UNUSED"
    Info: Parameter "port_scanclk" = "PORT_UNUSED"
    Info: Parameter "port_scanclkena" = "PORT_UNUSED"
    Info: Parameter "port_scandata" = "PORT_UNUSED"
    Info: Parameter "port_scandataout" = "PORT_UNUSED"
    Info: Parameter "port_scandone" = "PORT_UNUSED"
    Info: Parameter "port_scanread" = "PORT_UNUSED"
    Info: Parameter "port_scanwrite" = "PORT_UNUSED"
    Info: Parameter "port_clk0" = "PORT_USED"
    Info: Parameter "port_clk1" = "PORT_UNUSED"
    Info: Parameter "port_clk2" = "PORT_UNUSED"
    Info: Parameter "port_clk3" = "PORT_UNUSED"
    Info: Parameter "port_clk4" = "PORT_UNUSED"
    Info: Parameter "port_clk5" = "PORT_UNUSED"
    Info: Parameter "port_clkena0" = "PORT_UNUSED"
    Info: Parameter "port_clkena1" = "PORT_UNUSED"
    Info: Parameter "port_clkena2" = "PORT_UNUSED"
    Info: Parameter "port_clkena3" = "PORT_UNUSED"
    Info: Parameter "port_clkena4" = "PORT_UNUSED"
    Info: Parameter "port_clkena5" = "PORT_UNUSED"
    Info: Parameter "port_extclk0" = "PORT_UNUSED"
    Info: Parameter "port_extclk1" = "PORT_UNUSED"
    Info: Parameter "port_extclk2" = "PORT_UNUSED"
    Info: Parameter "port_extclk3" = "PORT_UNUSED"
Info: Elaborating entity "params" for hierarchy "params:p"
Warning (10230): Verilog HDL assignment warning at params.v(13): truncated value with size 32 to match size of target (11)
Warning (10230): Verilog HDL assignment warning at params.v(14): truncated value with size 32 to match size of target (11)
Info: Elaborating entity "renderer" for hierarchy "renderer:r"
Warning: Output pins are stuck at VCC or GND
    Warning (13410): Pin "VGA_G[0]" is stuck at GND
    Warning (13410): Pin "VGA_G[1]" is stuck at GND
    Warning (13410): Pin "VGA_G[2]" is stuck at GND
    Warning (13410): Pin "VGA_G[3]" is stuck at GND
    Warning (13410): Pin "VGA_G[4]" is stuck at GND
    Warning (13410): Pin "VGA_G[5]" is stuck at GND
    Warning (13410): Pin "VGA_G[6]" is stuck at GND
    Warning (13410): Pin "VGA_G[7]" is stuck at GND
    Warning (13410): Pin "VGA_G[8]" is stuck at GND
    Warning (13410): Pin "VGA_G[9]" is stuck at GND
    Warning (13410): Pin "VGA_SYNC" is stuck at GND
    Warning (13410): Pin "TD_RESET" is stuck at VCC
    Warning (13410): Pin "HEX0[0]" is stuck at GND
    Warning (13410): Pin "HEX0[1]" is stuck at GND
    Warning (13410): Pin "HEX0[2]" is stuck at GND
    Warning (13410): Pin "HEX0[3]" is stuck at GND
    Warning (13410): Pin "HEX0[4]" is stuck at GND
    Warning (13410): Pin "HEX0[5]" is stuck at GND
    Warning (13410): Pin "HEX0[6]" is stuck at GND
    Warning (13410): Pin "HEX1[0]" is stuck at GND
    Warning (13410): Pin "HEX1[1]" is stuck at GND
    Warning (13410): Pin "HEX1[2]" is stuck at GND
    Warning (13410): Pin "HEX1[3]" is stuck at GND
    Warning (13410): Pin "HEX1[4]" is stuck at GND
    Warning (13410): Pin "HEX1[5]" is stuck at GND
    Warning (13410): Pin "HEX1[6]" is stuck at GND
    Warning (13410): Pin "HEX2[0]" is stuck at GND
    Warning (13410): Pin "HEX2[1]" is stuck at GND
    Warning (13410): Pin "HEX2[2]" is stuck at GND
    Warning (13410): Pin "HEX2[3]" is stuck at GND
    Warning (13410): Pin "HEX2[4]" is stuck at GND
    Warning (13410): Pin "HEX2[5]" is stuck at GND
    Warning (13410): Pin "HEX2[6]" is stuck at GND
    Warning (13410): Pin "HEX3[0]" is stuck at GND
    Warning (13410): Pin "HEX3[1]" is stuck at GND
    Warning (13410): Pin "HEX3[2]" is stuck at GND
    Warning (13410): Pin "HEX3[3]" is stuck at GND
    Warning (13410): Pin "HEX3[4]" is stuck at GND
    Warning (13410): Pin "HEX3[5]" is stuck at GND
    Warning (13410): Pin "HEX3[6]" is stuck at GND
    Warning (13410): Pin "HEX4[0]" is stuck at GND
    Warning (13410): Pin "HEX4[1]" is stuck at GND
    Warning (13410): Pin "HEX4[2]" is stuck at GND
    Warning (13410): Pin "HEX4[3]" is stuck at GND
    Warning (13410): Pin "HEX4[4]" is stuck at GND
    Warning (13410): Pin "HEX4[5]" is stuck at GND
    Warning (13410): Pin "HEX4[6]" is stuck at GND
    Warning (13410): Pin "HEX5[0]" is stuck at GND
    Warning (13410): Pin "HEX5[1]" is stuck at GND
    Warning (13410): Pin "HEX5[2]" is stuck at GND
    Warning (13410): Pin "HEX5[3]" is stuck at GND
    Warning (13410): Pin "HEX5[4]" is stuck at GND
    Warning (13410): Pin "HEX5[5]" is stuck at GND
    Warning (13410): Pin "HEX5[6]" is stuck at GND
    Warning (13410): Pin "HEX6[0]" is stuck at GND
    Warning (13410): Pin "HEX6[1]" is stuck at GND
    Warning (13410): Pin "HEX6[2]" is stuck at GND
    Warning (13410): Pin "HEX6[3]" is stuck at GND
    Warning (13410): Pin "HEX6[4]" is stuck at GND
    Warning (13410): Pin "HEX6[5]" is stuck at GND
    Warning (13410): Pin "HEX6[6]" is stuck at GND
    Warning (13410): Pin "HEX7[0]" is stuck at GND
    Warning (13410): Pin "HEX7[1]" is stuck at GND
    Warning (13410): Pin "HEX7[2]" is stuck at GND
    Warning (13410): Pin "HEX7[3]" is stuck at GND
    Warning (13410): Pin "HEX7[4]" is stuck at GND
    Warning (13410): Pin "HEX7[5]" is stuck at GND
    Warning (13410): Pin "HEX7[6]" is stuck at GND
Warning: Design contains 22 input pin(s) that do not drive logic
    Warning (15610): No output dependent on input pin "KEY[0]"
    Warning (15610): No output dependent on input pin "KEY[1]"
    Warning (15610): No output dependent on input pin "KEY[2]"
    Warning (15610): No output dependent on input pin "KEY[3]"
    Warning (15610): No output dependent on input pin "SW[0]"
    Warning (15610): No output dependent on input pin "SW[1]"
    Warning (15610): No output dependent on input pin "SW[2]"
    Warning (15610): No output dependent on input pin "SW[3]"
    Warning (15610): No output dependent on input pin "SW[4]"
    Warning (15610): No output dependent on input pin "SW[5]"
    Warning (15610): No output dependent on input pin "SW[6]"
    Warning (15610): No output dependent on input pin "SW[7]"
    Warning (15610): No output dependent on input pin "SW[8]"
    Warning (15610): No output dependent on input pin "SW[9]"
    Warning (15610): No output dependent on input pin "SW[10]"
    Warning (15610): No output dependent on input pin "SW[11]"
    Warning (15610): No output dependent on input pin "SW[12]"
    Warning (15610): No output dependent on input pin "SW[13]"
    Warning (15610): No output dependent on input pin "SW[14]"
    Warning (15610): No output dependent on input pin "SW[15]"
    Warning (15610): No output dependent on input pin "SW[16]"
    Warning (15610): No output dependent on input pin "SW[17]"
Info: Implemented 182 device resources after synthesis - the final resource count might be different
    Info: Implemented 23 input pins
    Info: Implemented 92 output pins
    Info: Implemented 66 logic cells
    Info: Implemented 1 ClockLock PLLs
Info: Quartus II Analysis & Synthesis was successful. 0 errors, 150 warnings
    Info: Peak virtual memory: 188 megabytes
    Info: Processing ended: Fri Oct 16 15:29:00 2009
    Info: Elapsed time: 00:00:12
    Info: Total CPU time (on all processors): 00:00:02


